<?xml version="1.0" encoding="UTF-8" ?>
<testsuite failures="1" time="0.79" errors="0" skipped="0" tests="1" name="org.soitoolkit.tools.generator.OneWayServiceGeneratorTest">
  <properties>
[...]
</properties>
  <testcase time="0.788" classname="org.soitoolkit.tools.generator.OneWayServiceGeneratorTest" name="testOneWayServices310">
    <failure message="Missmatch in expected number of created files and folders expected:&lt;54&gt; but was:&lt;19&gt;" type="java.lang.AssertionError">java.lang.AssertionError: Missmatch in expected number of created files and folders expected:&lt;54&gt; but was:&lt;19&gt;
	at org.junit.Assert.fail(Assert.java:91)
	at org.junit.Assert.failNotEquals(Assert.java:645)
	at org.junit.Assert.assertEquals(Assert.java:126)
	at org.junit.Assert.assertEquals(Assert.java:470)
	at org.soitoolkit.tools.generator.OneWayServiceGeneratorTest.createEmptyIntegrationComponent(OneWayServiceGeneratorTest.java:133)
	at org.soitoolkit.tools.generator.OneWayServiceGeneratorTest.doTestOneWayServices(OneWayServiceGeneratorTest.java:98)
	at org.soitoolkit.tools.generator.OneWayServiceGeneratorTest.testOneWayServices310(OneWayServiceGeneratorTest.java:82)
	at sun.reflect.NativeMethodAccessorImpl.invoke0(Native Method)
	at sun.reflect.NativeMethodAccessorImpl.invoke(NativeMethodAccessorImpl.java:39)
	at sun.reflect.DelegatingMethodAccessorImpl.invoke(DelegatingMethodAccessorImpl.java:25)
	at java.lang.reflect.Method.invoke(Method.java:597)
	at org.junit.runners.model.FrameworkMethod$1.runReflectiveCall(FrameworkMethod.java:44)
	at org.junit.internal.runners.model.ReflectiveCallable.run(ReflectiveCallable.java:15)
	at org.junit.runners.model.FrameworkMethod.invokeExplosively(FrameworkMethod.java:41)
	at org.junit.internal.runners.statements.InvokeMethod.evaluate(InvokeMethod.java:20)
	at org.junit.internal.runners.statements.RunBefores.evaluate(RunBefores.java:28)
	at org.junit.internal.runners.statements.RunAfters.evaluate(RunAfters.java:31)
	at org.junit.runners.BlockJUnit4ClassRunner.runChild(BlockJUnit4ClassRunner.java:76)
	at org.junit.runners.BlockJUnit4ClassRunner.runChild(BlockJUnit4ClassRunner.java:50)
	at org.junit.runners.ParentRunner$3.run(ParentRunner.java:193)
	at org.junit.runners.ParentRunner$1.schedule(ParentRunner.java:52)
	at org.junit.runners.ParentRunner.runChildren(ParentRunner.java:191)
	at org.junit.runners.ParentRunner.access$000(ParentRunner.java:42)
	at org.junit.runners.ParentRunner$2.evaluate(ParentRunner.java:184)
	at org.junit.internal.runners.statements.RunBefores.evaluate(RunBefores.java:28)
	at org.junit.internal.runners.statements.RunAfters.evaluate(RunAfters.java:31)
	at org.junit.runners.ParentRunner.run(ParentRunner.java:236)
	at org.apache.maven.surefire.junit4.JUnit4TestSet.execute(JUnit4TestSet.java:59)
	at org.apache.maven.surefire.suite.AbstractDirectoryTestSuite.executeTestSet(AbstractDirectoryTestSuite.java:120)
	at org.apache.maven.surefire.suite.AbstractDirectoryTestSuite.execute(AbstractDirectoryTestSuite.java:103)
	at org.apache.maven.surefire.Surefire.run(Surefire.java:169)
	at sun.reflect.NativeMethodAccessorImpl.invoke0(Native Method)
	at sun.reflect.NativeMethodAccessorImpl.invoke(NativeMethodAccessorImpl.java:39)
	at sun.reflect.DelegatingMethodAccessorImpl.invoke(DelegatingMethodAccessorImpl.java:25)
	at java.lang.reflect.Method.invoke(Method.java:597)
	at org.apache.maven.surefire.booter.SurefireBooter.runSuitesInProcess(SurefireBooter.java:350)
	at org.apache.maven.surefire.booter.SurefireBooter.main(SurefireBooter.java:1021)
</failure>
    <system-out>INFO: Generate files from templateFolder: /templates/integrationComponent/newProject
INFO: Created directory: /Users/magnuslarsson/Documents/temp/_plugintests/jUnitTests/onewaySA310/branches
INFO: Created directory: /Users/magnuslarsson/Documents/temp/_plugintests/jUnitTests/onewaySA310/tags
WARN: NO TEMPLATE FOUND FOR trunk/pom.xml.gt
WARN: Couldn&apos;t generate code for template trunk/pom.xml.gt, skipping it
WARN: NO TEMPLATE FOUND FOR trunk/__serviceProjectFilepath__/pom.xml.gt
WARN: Couldn&apos;t generate code for template trunk/__serviceProjectFilepath__/pom.xml.gt, skipping it
INFO: Created directory: /Users/magnuslarsson/Documents/temp/_plugintests/jUnitTests/onewaySA310/trunk/onewaySA310-services/src/main/java/org/soitoolkit/tool/generator/onewaysa310
WARN: NO TEMPLATE FOUND FOR trunk/__serviceProjectFilepath__/src/main/resources/__artifactId__-common.xml.gt
WARN: Couldn&apos;t generate code for template trunk/__serviceProjectFilepath__/src/main/resources/__artifactId__-common.xml.gt, skipping it
WARN: NO TEMPLATE FOUND FOR trunk/__serviceProjectFilepath__/src/main/resources/__artifactId__-config.xml.gt
WARN: Couldn&apos;t generate code for template trunk/__serviceProjectFilepath__/src/main/resources/__artifactId__-config.xml.gt, skipping it
WARN: NO TEMPLATE FOUND FOR trunk/__serviceProjectFilepath__/src/main/resources/__artifactId__-jdbc-connector.xml.gt
WARN: Couldn&apos;t generate code for template trunk/__serviceProjectFilepath__/src/main/resources/__artifactId__-jdbc-connector.xml.gt, skipping it
WARN: NO TEMPLATE FOUND FOR trunk/__serviceProjectFilepath__/src/environment/setup/__artifactId__-db-create-tables.sql.gt
WARN: Couldn&apos;t generate code for template trunk/__serviceProjectFilepath__/src/environment/setup/__artifactId__-db-create-tables.sql.gt, skipping it
WARN: NO TEMPLATE FOUND FOR trunk/__serviceProjectFilepath__/src/environment/setup/__artifactId__-db-drop-tables.sql.gt
WARN: Couldn&apos;t generate code for template trunk/__serviceProjectFilepath__/src/environment/setup/__artifactId__-db-drop-tables.sql.gt, skipping it
WARN: NO TEMPLATE FOUND FOR trunk/__serviceProjectFilepath__/src/environment/setup/__artifactId__-db-insert-testdata.sql.gt
WARN: Couldn&apos;t generate code for template trunk/__serviceProjectFilepath__/src/environment/setup/__artifactId__-db-insert-testdata.sql.gt, skipping it
INFO: Created directory: /Users/magnuslarsson/Documents/temp/_plugintests/jUnitTests/onewaySA310/trunk/onewaySA310-services/src/main/resources/services
WARN: NO TEMPLATE FOUND FOR trunk/__serviceProjectFilepath__/src/test/java/__javaPackageFilepath__/__capitalizedJavaArtifactId__MuleServer.java.gt
WARN: Couldn&apos;t generate code for template trunk/__serviceProjectFilepath__/src/test/java/__javaPackageFilepath__/__capitalizedJavaArtifactId__MuleServer.java.gt, skipping it
WARN: NO TEMPLATE FOUND FOR trunk/__serviceProjectFilepath__/src/test/resources/__artifactId__-teststubs-and-services-config.xml.gt
WARN: Couldn&apos;t generate code for template trunk/__serviceProjectFilepath__/src/test/resources/__artifactId__-teststubs-and-services-config.xml.gt, skipping it
WARN: NO TEMPLATE FOUND FOR trunk/__serviceProjectFilepath__/src/test/resources/__artifactId__-teststubs-only-config.xml.gt
WARN: Couldn&apos;t generate code for template trunk/__serviceProjectFilepath__/src/test/resources/__artifactId__-teststubs-only-config.xml.gt, skipping it
INFO: Created directory: /Users/magnuslarsson/Documents/temp/_plugintests/jUnitTests/onewaySA310/trunk/onewaySA310-services/src/test/resources/testfiles
INFO: Created directory: /Users/magnuslarsson/Documents/temp/_plugintests/jUnitTests/onewaySA310/trunk/onewaySA310-services/src/test/resources/teststub-services
WARN: NO TEMPLATE FOUND FOR trunk/__serviceProjectFilepath__/src/environment/log4j.dtd.gt
WARN: Couldn&apos;t generate code for template trunk/__serviceProjectFilepath__/src/environment/log4j.dtd.gt, skipping it
WARN: NO TEMPLATE FOUND FOR trunk/__serviceProjectFilepath__/src/environment/log4j.xml.gt
WARN: Couldn&apos;t generate code for template trunk/__serviceProjectFilepath__/src/environment/log4j.xml.gt, skipping it
WARN: NO TEMPLATE FOUND FOR trunk/__serviceProjectFilepath__/src/environment/__securityPropertyFile__.properties.gt
WARN: Couldn&apos;t generate code for template trunk/__serviceProjectFilepath__/src/environment/__securityPropertyFile__.properties.gt, skipping it
WARN: NO TEMPLATE FOUND FOR trunk/__serviceProjectFilepath__/src/environment/__configPropertyFile__.properties.gt
WARN: Couldn&apos;t generate code for template trunk/__serviceProjectFilepath__/src/environment/__configPropertyFile__.properties.gt, skipping it
WARN: NO TEMPLATE FOUND FOR trunk/__standaloneProjectFilepath__/pom.xml.gt
WARN: Couldn&apos;t generate code for template trunk/__standaloneProjectFilepath__/pom.xml.gt, skipping it
WARN: NO TEMPLATE FOUND FOR trunk/__standaloneProjectFilepath__/src/main/app/mule-config.xml.gt
WARN: Couldn&apos;t generate code for template trunk/__standaloneProjectFilepath__/src/main/app/mule-config.xml.gt, skipping it
WARN: NO TEMPLATE FOUND FOR trunk/__teststubStandaloneProjectFilepath__/pom.xml.gt
WARN: Couldn&apos;t generate code for template trunk/__teststubStandaloneProjectFilepath__/pom.xml.gt, skipping it
WARN: NO TEMPLATE FOUND FOR trunk/__teststubStandaloneProjectFilepath__/src/main/app/mule-config.xml.gt
WARN: Couldn&apos;t generate code for template trunk/__teststubStandaloneProjectFilepath__/src/main/app/mule-config.xml.gt, skipping it
</system-out>
    <system-err>### New model-class: org.soitoolkit.tools.generator.model.impl.DefaultModelImpl
</system-err>
  </testcase>
</testsuite>