<?xml version="1.0" encoding="UTF-8" ?>
<testsuite failures="1" time="287.026" errors="0" skipped="0" tests="1" name="org.soitoolkit.tools.generator.RequestResponseServiceGeneratorTest">
  <properties>
[...]
</properties>
  <testcase time="287.022" classname="org.soitoolkit.tools.generator.RequestResponseServiceGeneratorTest" name="testRequestResponseServices310">
    <failure message="Missmatch in expected number of created files and folders expected:&lt;61&gt; but was:&lt;33&gt;" type="java.lang.AssertionError">java.lang.AssertionError: Missmatch in expected number of created files and folders expected:&lt;61&gt; but was:&lt;33&gt;
	at org.junit.Assert.fail(Assert.java:91)
	at org.junit.Assert.failNotEquals(Assert.java:645)
	at org.junit.Assert.assertEquals(Assert.java:126)
	at org.junit.Assert.assertEquals(Assert.java:470)
	at org.soitoolkit.tools.generator.RequestResponseServiceGeneratorTest.createEmptyIntegrationComponent(RequestResponseServiceGeneratorTest.java:119)
	at org.soitoolkit.tools.generator.RequestResponseServiceGeneratorTest.doTestRequestResponseServices(RequestResponseServiceGeneratorTest.java:92)
	at org.soitoolkit.tools.generator.RequestResponseServiceGeneratorTest.testRequestResponseServices310(RequestResponseServiceGeneratorTest.java:80)
	at sun.reflect.NativeMethodAccessorImpl.invoke0(Native Method)
	at sun.reflect.NativeMethodAccessorImpl.invoke(NativeMethodAccessorImpl.java:39)
	at sun.reflect.DelegatingMethodAccessorImpl.invoke(DelegatingMethodAccessorImpl.java:25)
	at java.lang.reflect.Method.invoke(Method.java:597)
	at org.junit.runners.model.FrameworkMethod$1.runReflectiveCall(FrameworkMethod.java:44)
	at org.junit.internal.runners.model.ReflectiveCallable.run(ReflectiveCallable.java:15)
	at org.junit.runners.model.FrameworkMethod.invokeExplosively(FrameworkMethod.java:41)
	at org.junit.internal.runners.statements.InvokeMethod.evaluate(InvokeMethod.java:20)
	at org.junit.internal.runners.statements.RunBefores.evaluate(RunBefores.java:28)
	at org.junit.internal.runners.statements.RunAfters.evaluate(RunAfters.java:31)
	at org.junit.runners.BlockJUnit4ClassRunner.runChild(BlockJUnit4ClassRunner.java:76)
	at org.junit.runners.BlockJUnit4ClassRunner.runChild(BlockJUnit4ClassRunner.java:50)
	at org.junit.runners.ParentRunner$3.run(ParentRunner.java:193)
	at org.junit.runners.ParentRunner$1.schedule(ParentRunner.java:52)
	at org.junit.runners.ParentRunner.runChildren(ParentRunner.java:191)
	at org.junit.runners.ParentRunner.access$000(ParentRunner.java:42)
	at org.junit.runners.ParentRunner$2.evaluate(ParentRunner.java:184)
	at org.junit.internal.runners.statements.RunBefores.evaluate(RunBefores.java:28)
	at org.junit.internal.runners.statements.RunAfters.evaluate(RunAfters.java:31)
	at org.junit.runners.ParentRunner.run(ParentRunner.java:236)
	at org.apache.maven.surefire.junit4.JUnit4TestSet.execute(JUnit4TestSet.java:59)
	at org.apache.maven.surefire.suite.AbstractDirectoryTestSuite.executeTestSet(AbstractDirectoryTestSuite.java:120)
	at org.apache.maven.surefire.suite.AbstractDirectoryTestSuite.execute(AbstractDirectoryTestSuite.java:103)
	at org.apache.maven.surefire.Surefire.run(Surefire.java:169)
	at sun.reflect.NativeMethodAccessorImpl.invoke0(Native Method)
	at sun.reflect.NativeMethodAccessorImpl.invoke(NativeMethodAccessorImpl.java:39)
	at sun.reflect.DelegatingMethodAccessorImpl.invoke(DelegatingMethodAccessorImpl.java:25)
	at java.lang.reflect.Method.invoke(Method.java:597)
	at org.apache.maven.surefire.booter.SurefireBooter.runSuitesInProcess(SurefireBooter.java:350)
	at org.apache.maven.surefire.booter.SurefireBooter.main(SurefireBooter.java:1021)
</failure>
    <system-out>INFO: Generate files from templateFolder: /templates/integrationComponent/newProject
INFO: Created directory: /Users/magnuslarsson/Documents/temp/_plugintests/jUnitTests/requestResponseSA310/branches
INFO: Created directory: /Users/magnuslarsson/Documents/temp/_plugintests/jUnitTests/requestResponseSA310/tags
INFO: Created directory: /Users/magnuslarsson/Documents/temp/_plugintests/jUnitTests/requestResponseSA310/trunk
INFO: Created file: /Users/magnuslarsson/Documents/temp/_plugintests/jUnitTests/requestResponseSA310/trunk/pom.xml, size: 1881
INFO: Created directory: /Users/magnuslarsson/Documents/temp/_plugintests/jUnitTests/requestResponseSA310/trunk/requestResponseSA310-services
INFO: Created file: /Users/magnuslarsson/Documents/temp/_plugintests/jUnitTests/requestResponseSA310/trunk/requestResponseSA310-services/pom.xml, size: 1802
INFO: Created directory: /Users/magnuslarsson/Documents/temp/_plugintests/jUnitTests/requestResponseSA310/trunk/requestResponseSA310-services/src/main/java/org/soitoolkit/tool/generator/requestresponsesa310
INFO: Created directory: /Users/magnuslarsson/Documents/temp/_plugintests/jUnitTests/requestResponseSA310/trunk/requestResponseSA310-services/src/main/resources
INFO: Created file: /Users/magnuslarsson/Documents/temp/_plugintests/jUnitTests/requestResponseSA310/trunk/requestResponseSA310-services/src/main/resources/requestResponseSA310-common.xml, size: 5106
INFO: Created file: /Users/magnuslarsson/Documents/temp/_plugintests/jUnitTests/requestResponseSA310/trunk/requestResponseSA310-services/src/main/resources/requestResponseSA310-config.xml, size: 986
INFO: Created directory: /Users/magnuslarsson/Documents/temp/_plugintests/jUnitTests/requestResponseSA310/trunk/requestResponseSA310-services/src/main/resources/services
INFO: Created directory: /Users/magnuslarsson/Documents/temp/_plugintests/jUnitTests/requestResponseSA310/trunk/requestResponseSA310-services/src/test/java/org/soitoolkit/tool/generator/requestresponsesa310
INFO: Created file: /Users/magnuslarsson/Documents/temp/_plugintests/jUnitTests/requestResponseSA310/trunk/requestResponseSA310-services/src/test/java/org/soitoolkit/tool/generator/requestresponsesa310/RequestResponseSA310MuleServer.java, size: 1443
INFO: Created directory: /Users/magnuslarsson/Documents/temp/_plugintests/jUnitTests/requestResponseSA310/trunk/requestResponseSA310-services/src/test/resources
INFO: Created file: /Users/magnuslarsson/Documents/temp/_plugintests/jUnitTests/requestResponseSA310/trunk/requestResponseSA310-services/src/test/resources/requestResponseSA310-teststubs-and-services-config.xml, size: 921
INFO: Created file: /Users/magnuslarsson/Documents/temp/_plugintests/jUnitTests/requestResponseSA310/trunk/requestResponseSA310-services/src/test/resources/requestResponseSA310-teststubs-only-config.xml, size: 853
INFO: Created directory: /Users/magnuslarsson/Documents/temp/_plugintests/jUnitTests/requestResponseSA310/trunk/requestResponseSA310-services/src/test/resources/testfiles
INFO: Created directory: /Users/magnuslarsson/Documents/temp/_plugintests/jUnitTests/requestResponseSA310/trunk/requestResponseSA310-services/src/test/resources/teststub-services
INFO: Created directory: /Users/magnuslarsson/Documents/temp/_plugintests/jUnitTests/requestResponseSA310/trunk/requestResponseSA310-services/src/environment
INFO: Created file: /Users/magnuslarsson/Documents/temp/_plugintests/jUnitTests/requestResponseSA310/trunk/requestResponseSA310-services/src/environment/log4j.dtd, size: 6718
INFO: Created file: /Users/magnuslarsson/Documents/temp/_plugintests/jUnitTests/requestResponseSA310/trunk/requestResponseSA310-services/src/environment/log4j.xml, size: 2120
INFO: Created file: /Users/magnuslarsson/Documents/temp/_plugintests/jUnitTests/requestResponseSA310/trunk/requestResponseSA310-services/src/environment/requestResponseSA310-security.properties, size: 58
INFO: Created file: /Users/magnuslarsson/Documents/temp/_plugintests/jUnitTests/requestResponseSA310/trunk/requestResponseSA310-services/src/environment/requestResponseSA310-config.properties, size: 577
INFO: Created directory: /Users/magnuslarsson/Documents/temp/_plugintests/jUnitTests/requestResponseSA310/trunk/requestResponseSA310-standalone
INFO: Created file: /Users/magnuslarsson/Documents/temp/_plugintests/jUnitTests/requestResponseSA310/trunk/requestResponseSA310-standalone/pom.xml, size: 1794
INFO: Created directory: /Users/magnuslarsson/Documents/temp/_plugintests/jUnitTests/requestResponseSA310/trunk/requestResponseSA310-standalone/src/main/app
INFO: Created file: /Users/magnuslarsson/Documents/temp/_plugintests/jUnitTests/requestResponseSA310/trunk/requestResponseSA310-standalone/src/main/app/mule-config.xml, size: 575
INFO: Created directory: /Users/magnuslarsson/Documents/temp/_plugintests/jUnitTests/requestResponseSA310/trunk/requestResponseSA310-teststub-standalone
INFO: Created file: /Users/magnuslarsson/Documents/temp/_plugintests/jUnitTests/requestResponseSA310/trunk/requestResponseSA310-teststub-standalone/pom.xml, size: 2063
INFO: Created directory: /Users/magnuslarsson/Documents/temp/_plugintests/jUnitTests/requestResponseSA310/trunk/requestResponseSA310-teststub-standalone/src/main/app
INFO: Created file: /Users/magnuslarsson/Documents/temp/_plugintests/jUnitTests/requestResponseSA310/trunk/requestResponseSA310-teststub-standalone/src/main/app/mule-config.xml, size: 591
INFO: Generate files from templateFolder: /requestResponseService
INFO: Created file: /Users/magnuslarsson/Documents/temp/_plugintests/jUnitTests/requestResponseSA310/trunk/requestResponseSA310-services/src/main/resources/services/soaphttpToSoaphttpUsingJava-service.xml, size: 3335
INFO: Created directory: /Users/magnuslarsson/Documents/temp/_plugintests/jUnitTests/requestResponseSA310/trunk/requestResponseSA310-services/src/main/java/org/soitoolkit/tool/generator/requestresponsesa310/soaphttptosoaphttpusingjava
INFO: Created file: /Users/magnuslarsson/Documents/temp/_plugintests/jUnitTests/requestResponseSA310/trunk/requestResponseSA310-services/src/main/java/org/soitoolkit/tool/generator/requestresponsesa310/soaphttptosoaphttpusingjava/SoaphttpToSoaphttpUsingJavaRequestTransformer.java, size: 856
INFO: Created file: /Users/magnuslarsson/Documents/temp/_plugintests/jUnitTests/requestResponseSA310/trunk/requestResponseSA310-services/src/main/java/org/soitoolkit/tool/generator/requestresponsesa310/soaphttptosoaphttpusingjava/SoaphttpToSoaphttpUsingJavaResponseTransformer.java, size: 1044
INFO: Created file: /Users/magnuslarsson/Documents/temp/_plugintests/jUnitTests/requestResponseSA310/trunk/requestResponseSA310-services/src/test/resources/testfiles/soaphttpToSoaphttpUsingJava-request-input.xml, size: 133
INFO: Created file: /Users/magnuslarsson/Documents/temp/_plugintests/jUnitTests/requestResponseSA310/trunk/requestResponseSA310-services/src/test/resources/testfiles/soaphttpToSoaphttpUsingJava-request-expected-result.csv, size: 23
INFO: Created file: /Users/magnuslarsson/Documents/temp/_plugintests/jUnitTests/requestResponseSA310/trunk/requestResponseSA310-services/src/test/resources/testfiles/soaphttpToSoaphttpUsingJava-response-input.csv, size: 29
INFO: Created file: /Users/magnuslarsson/Documents/temp/_plugintests/jUnitTests/requestResponseSA310/trunk/requestResponseSA310-services/src/test/resources/testfiles/soaphttpToSoaphttpUsingJava-response-expected-result.xml, size: 174
INFO: Created file: /Users/magnuslarsson/Documents/temp/_plugintests/jUnitTests/requestResponseSA310/trunk/requestResponseSA310-services/src/test/resources/teststub-services/soaphttpToSoaphttpUsingJava-teststub-service.xml, size: 1157
INFO: Created directory: /Users/magnuslarsson/Documents/temp/_plugintests/jUnitTests/requestResponseSA310/trunk/requestResponseSA310-services/src/test/java/org/soitoolkit/tool/generator/requestresponsesa310/soaphttptosoaphttpusingjava
INFO: Created file: /Users/magnuslarsson/Documents/temp/_plugintests/jUnitTests/requestResponseSA310/trunk/requestResponseSA310-services/src/test/java/org/soitoolkit/tool/generator/requestresponsesa310/soaphttptosoaphttpusingjava/SoaphttpToSoaphttpUsingJavaIntegrationTest.java, size: 5045
INFO: Created file: /Users/magnuslarsson/Documents/temp/_plugintests/jUnitTests/requestResponseSA310/trunk/requestResponseSA310-services/src/test/java/org/soitoolkit/tool/generator/requestresponsesa310/soaphttptosoaphttpusingjava/SoaphttpToSoaphttpUsingJavaRequestTransformerTest.java, size: 1067
INFO: Created file: /Users/magnuslarsson/Documents/temp/_plugintests/jUnitTests/requestResponseSA310/trunk/requestResponseSA310-services/src/test/java/org/soitoolkit/tool/generator/requestresponsesa310/soaphttptosoaphttpusingjava/SoaphttpToSoaphttpUsingJavaResponseTransformerTest.java, size: 1260
INFO: Created file: /Users/magnuslarsson/Documents/temp/_plugintests/jUnitTests/requestResponseSA310/trunk/requestResponseSA310-services/src/test/java/org/soitoolkit/tool/generator/requestresponsesa310/soaphttptosoaphttpusingjava/SoaphttpToSoaphttpUsingJavaTestConsumer.java, size: 1812
INFO: Created file: /Users/magnuslarsson/Documents/temp/_plugintests/jUnitTests/requestResponseSA310/trunk/requestResponseSA310-services/src/test/java/org/soitoolkit/tool/generator/requestresponsesa310/soaphttptosoaphttpusingjava/SoaphttpToSoaphttpUsingJavaTestProducer.java, size: 1732
INFO: Generate files from templateFolder: /requestResponseService
INFO: Created file: /Users/magnuslarsson/Documents/temp/_plugintests/jUnitTests/requestResponseSA310/trunk/requestResponseSA310-services/src/main/resources/services/soaphttpToResthttpUsingJava-service.xml, size: 3515
INFO: Created directory: /Users/magnuslarsson/Documents/temp/_plugintests/jUnitTests/requestResponseSA310/trunk/requestResponseSA310-services/src/main/java/org/soitoolkit/tool/generator/requestresponsesa310/soaphttptoresthttpusingjava
INFO: Created file: /Users/magnuslarsson/Documents/temp/_plugintests/jUnitTests/requestResponseSA310/trunk/requestResponseSA310-services/src/main/java/org/soitoolkit/tool/generator/requestresponsesa310/soaphttptoresthttpusingjava/SoaphttpToResthttpUsingJavaRequestTransformer.java, size: 856
INFO: Created file: /Users/magnuslarsson/Documents/temp/_plugintests/jUnitTests/requestResponseSA310/trunk/requestResponseSA310-services/src/main/java/org/soitoolkit/tool/generator/requestresponsesa310/soaphttptoresthttpusingjava/SoaphttpToResthttpUsingJavaResponseTransformer.java, size: 1368
INFO: Created file: /Users/magnuslarsson/Documents/temp/_plugintests/jUnitTests/requestResponseSA310/trunk/requestResponseSA310-services/src/test/resources/testfiles/soaphttpToResthttpUsingJava-request-input.xml, size: 133
INFO: Created file: /Users/magnuslarsson/Documents/temp/_plugintests/jUnitTests/requestResponseSA310/trunk/requestResponseSA310-services/src/test/resources/testfiles/soaphttpToResthttpUsingJava-request-expected-result.csv, size: 23
INFO: Created file: /Users/magnuslarsson/Documents/temp/_plugintests/jUnitTests/requestResponseSA310/trunk/requestResponseSA310-services/src/test/resources/testfiles/soaphttpToResthttpUsingJava-response-input.rest, size: 15
INFO: Created file: /Users/magnuslarsson/Documents/temp/_plugintests/jUnitTests/requestResponseSA310/trunk/requestResponseSA310-services/src/test/resources/testfiles/soaphttpToResthttpUsingJava-response-expected-result.xml, size: 174
INFO: Created file: /Users/magnuslarsson/Documents/temp/_plugintests/jUnitTests/requestResponseSA310/trunk/requestResponseSA310-services/src/test/resources/teststub-services/soaphttpToResthttpUsingJava-teststub-service.xml, size: 1147
INFO: Created directory: /Users/magnuslarsson/Documents/temp/_plugintests/jUnitTests/requestResponseSA310/trunk/requestResponseSA310-services/src/test/java/org/soitoolkit/tool/generator/requestresponsesa310/soaphttptoresthttpusingjava
INFO: Created file: /Users/magnuslarsson/Documents/temp/_plugintests/jUnitTests/requestResponseSA310/trunk/requestResponseSA310-services/src/test/java/org/soitoolkit/tool/generator/requestresponsesa310/soaphttptoresthttpusingjava/SoaphttpToResthttpUsingJavaIntegrationTest.java, size: 5053
INFO: Created file: /Users/magnuslarsson/Documents/temp/_plugintests/jUnitTests/requestResponseSA310/trunk/requestResponseSA310-services/src/test/java/org/soitoolkit/tool/generator/requestresponsesa310/soaphttptoresthttpusingjava/SoaphttpToResthttpUsingJavaRequestTransformerTest.java, size: 1067
INFO: Created file: /Users/magnuslarsson/Documents/temp/_plugintests/jUnitTests/requestResponseSA310/trunk/requestResponseSA310-services/src/test/java/org/soitoolkit/tool/generator/requestresponsesa310/soaphttptoresthttpusingjava/SoaphttpToResthttpUsingJavaResponseTransformerTest.java, size: 1178
INFO: Created file: /Users/magnuslarsson/Documents/temp/_plugintests/jUnitTests/requestResponseSA310/trunk/requestResponseSA310-services/src/test/java/org/soitoolkit/tool/generator/requestresponsesa310/soaphttptoresthttpusingjava/SoaphttpToResthttpUsingJavaTestConsumer.java, size: 1812
INFO: Created file: /Users/magnuslarsson/Documents/temp/_plugintests/jUnitTests/requestResponseSA310/trunk/requestResponseSA310-services/src/test/java/org/soitoolkit/tool/generator/requestresponsesa310/soaphttptoresthttpusingjava/SoaphttpToResthttpUsingJavaTestProducer.java, size: 1488
INFO: Generate files from templateFolder: /requestResponseService
INFO: Created file: /Users/magnuslarsson/Documents/temp/_plugintests/jUnitTests/requestResponseSA310/trunk/requestResponseSA310-services/src/main/resources/services/soaphttpToJmsUsingJava-service.xml, size: 3441
INFO: Created directory: /Users/magnuslarsson/Documents/temp/_plugintests/jUnitTests/requestResponseSA310/trunk/requestResponseSA310-services/src/main/java/org/soitoolkit/tool/generator/requestresponsesa310/soaphttptojmsusingjava
INFO: Created file: /Users/magnuslarsson/Documents/temp/_plugintests/jUnitTests/requestResponseSA310/trunk/requestResponseSA310-services/src/main/java/org/soitoolkit/tool/generator/requestresponsesa310/soaphttptojmsusingjava/SoaphttpToJmsUsingJavaRequestTransformer.java, size: 937
INFO: Created file: /Users/magnuslarsson/Documents/temp/_plugintests/jUnitTests/requestResponseSA310/trunk/requestResponseSA310-services/src/main/java/org/soitoolkit/tool/generator/requestresponsesa310/soaphttptojmsusingjava/SoaphttpToJmsUsingJavaResponseTransformer.java, size: 1654
INFO: Created file: /Users/magnuslarsson/Documents/temp/_plugintests/jUnitTests/requestResponseSA310/trunk/requestResponseSA310-services/src/test/resources/testfiles/soaphttpToJmsUsingJava-request-input.xml, size: 133
INFO: Created file: /Users/magnuslarsson/Documents/temp/_plugintests/jUnitTests/requestResponseSA310/trunk/requestResponseSA310-services/src/test/resources/testfiles/soaphttpToJmsUsingJava-request-expected-result.csv, size: 23
INFO: Created file: /Users/magnuslarsson/Documents/temp/_plugintests/jUnitTests/requestResponseSA310/trunk/requestResponseSA310-services/src/test/resources/testfiles/soaphttpToJmsUsingJava-response-input.csv, size: 29
INFO: Created file: /Users/magnuslarsson/Documents/temp/_plugintests/jUnitTests/requestResponseSA310/trunk/requestResponseSA310-services/src/test/resources/testfiles/soaphttpToJmsUsingJava-response-expected-result.xml, size: 174
INFO: Created file: /Users/magnuslarsson/Documents/temp/_plugintests/jUnitTests/requestResponseSA310/trunk/requestResponseSA310-services/src/test/resources/testfiles/soaphttpToJmsUsingJava-fault-response-input.csv, size: 28
INFO: Created file: /Users/magnuslarsson/Documents/temp/_plugintests/jUnitTests/requestResponseSA310/trunk/requestResponseSA310-services/src/test/resources/testfiles/soaphttpToJmsUsingJava-fault-response-expected-result.xml, size: 215
INFO: Created file: /Users/magnuslarsson/Documents/temp/_plugintests/jUnitTests/requestResponseSA310/trunk/requestResponseSA310-services/src/test/resources/teststub-services/soaphttpToJmsUsingJava-teststub-service.xml, size: 1461
INFO: Created directory: /Users/magnuslarsson/Documents/temp/_plugintests/jUnitTests/requestResponseSA310/trunk/requestResponseSA310-services/src/test/java/org/soitoolkit/tool/generator/requestresponsesa310/soaphttptojmsusingjava
INFO: Created file: /Users/magnuslarsson/Documents/temp/_plugintests/jUnitTests/requestResponseSA310/trunk/requestResponseSA310-services/src/test/java/org/soitoolkit/tool/generator/requestresponsesa310/soaphttptojmsusingjava/SoaphttpToJmsUsingJavaIntegrationTest.java, size: 5296
INFO: Created file: /Users/magnuslarsson/Documents/temp/_plugintests/jUnitTests/requestResponseSA310/trunk/requestResponseSA310-services/src/test/java/org/soitoolkit/tool/generator/requestresponsesa310/soaphttptojmsusingjava/SoaphttpToJmsUsingJavaRequestTransformerTest.java, size: 974
INFO: Created file: /Users/magnuslarsson/Documents/temp/_plugintests/jUnitTests/requestResponseSA310/trunk/requestResponseSA310-services/src/test/java/org/soitoolkit/tool/generator/requestresponsesa310/soaphttptojmsusingjava/SoaphttpToJmsUsingJavaResponseTransformerTest.java, size: 1874
INFO: Created file: /Users/magnuslarsson/Documents/temp/_plugintests/jUnitTests/requestResponseSA310/trunk/requestResponseSA310-services/src/test/java/org/soitoolkit/tool/generator/requestresponsesa310/soaphttptojmsusingjava/SoaphttpToJmsUsingJavaTestConsumer.java, size: 1777
INFO: Created file: /Users/magnuslarsson/Documents/temp/_plugintests/jUnitTests/requestResponseSA310/trunk/requestResponseSA310-services/src/test/java/org/soitoolkit/tool/generator/requestresponsesa310/soaphttptojmsusingjava/SoaphttpToJmsUsingJavaTestProducer.java, size: 1878
[INFO] Scanning for projects...
[INFO] Reactor build order: 
[INFO]   requestResponseSA310
[INFO]   requestResponseSA310-services
[INFO]   requestResponseSA310-standalone
[INFO]   requestResponseSA310-teststub-standalone
[INFO] ------------------------------------------------------------------------
[INFO] Building requestResponseSA310
[INFO]    task-segment: [install]
[INFO] ------------------------------------------------------------------------
[INFO] [enforcer:enforce {execution: enforce-maven}]
[INFO] [properties:write-project-properties {execution: default}]
[INFO] [site:attach-descriptor {execution: default-attach-descriptor}]
[INFO] [jar:test-jar {execution: default}]
[WARNING] JAR will be empty - no content was marked for inclusion!
[INFO] Building jar: /Users/magnuslarsson/Documents/temp/_plugintests/jUnitTests/requestResponseSA310/trunk/target/requestResponseSA310-1.0-SNAPSHOT-tests.jar
[INFO] [source:jar-no-fork {execution: attach-sources}]
[INFO] [install:install {execution: default-install}]
[INFO] Installing /Users/magnuslarsson/Documents/temp/_plugintests/jUnitTests/requestResponseSA310/trunk/pom.xml to /Users/magnuslarsson/.m2/repository/org/soitoolkit/tool/generator/requestResponseSA310/1.0-SNAPSHOT/requestResponseSA310-1.0-SNAPSHOT.pom
[INFO] Installing /Users/magnuslarsson/Documents/temp/_plugintests/jUnitTests/requestResponseSA310/trunk/target/requestResponseSA310-1.0-SNAPSHOT-tests.jar to /Users/magnuslarsson/.m2/repository/org/soitoolkit/tool/generator/requestResponseSA310/1.0-SNAPSHOT/requestResponseSA310-1.0-SNAPSHOT-tests.jar
[INFO] ------------------------------------------------------------------------
[INFO] Building requestResponseSA310-services
[INFO]    task-segment: [install]
[INFO] ------------------------------------------------------------------------
[INFO] [enforcer:enforce {execution: enforce-maven}]
[INFO] [properties:write-project-properties {execution: default}]
[INFO] [resources:resources {execution: default-resources}]
[INFO] Using &apos;UTF-8&apos; encoding to copy filtered resources.
[INFO] Copying 5 resources
[INFO] [compiler:compile {execution: default-compile}]
[INFO] Compiling 6 source files to /Users/magnuslarsson/Documents/temp/_plugintests/jUnitTests/requestResponseSA310/trunk/requestResponseSA310-services/target/classes
[INFO] [resources:testResources {execution: default-testResources}]
[INFO] Using &apos;UTF-8&apos; encoding to copy filtered resources.
[INFO] Copying 19 resources
[INFO] Copying 4 resources
[INFO] [compiler:testCompile {execution: default-testCompile}]
[INFO] Compiling 16 source files to /Users/magnuslarsson/Documents/temp/_plugintests/jUnitTests/requestResponseSA310/trunk/requestResponseSA310-services/target/test-classes
[INFO] [surefire:test {execution: default-test}]
[INFO] Surefire report directory: /Users/magnuslarsson/Documents/temp/_plugintests/jUnitTests/requestResponseSA310/trunk/requestResponseSA310-services/target/surefire-reports

-------------------------------------------------------
 T E S T S
-------------------------------------------------------
Running org.soitoolkit.tool.generator.requestresponsesa310.soaphttptojmsusingjava.SoaphttpToJmsUsingJavaResponseTransformerTest
Tests run: 2, Failures: 0, Errors: 0, Skipped: 0, Time elapsed: 0.315 sec
Running org.soitoolkit.tool.generator.requestresponsesa310.soaphttptosoaphttpusingjava.SoaphttpToSoaphttpUsingJavaRequestTransformerTest
Tests run: 1, Failures: 0, Errors: 0, Skipped: 0, Time elapsed: 0.229 sec
Running org.soitoolkit.tool.generator.requestresponsesa310.soaphttptosoaphttpusingjava.SoaphttpToSoaphttpUsingJavaResponseTransformerTest
Tests run: 1, Failures: 0, Errors: 0, Skipped: 0, Time elapsed: 0.007 sec
Running org.soitoolkit.tool.generator.requestresponsesa310.soaphttptoresthttpusingjava.SoaphttpToResthttpUsingJavaRequestTransformerTest
Tests run: 1, Failures: 0, Errors: 0, Skipped: 0, Time elapsed: 0.012 sec
Running org.soitoolkit.tool.generator.requestresponsesa310.soaphttptojmsusingjava.SoaphttpToJmsUsingJavaRequestTransformerTest
Tests run: 1, Failures: 0, Errors: 0, Skipped: 0, Time elapsed: 0.051 sec
Running org.soitoolkit.tool.generator.requestresponsesa310.soaphttptojmsusingjava.SoaphttpToJmsUsingJavaIntegrationTest
2011-03-30 23:22:15,259 INFO  org.soitoolkit.tool.generator.requestresponsesa310.RequestResponseSA310MuleServer - URL: http://localhost:8081/requestResponseSA310/services/soaphttpToJmsUsingJava/v1
2011-03-30 23:22:15,286 INFO  org.soitoolkit.commons.mule.test.AbstractTestCase - Setting test timeout to (seconds): 120
2011-03-30 23:22:15,286 INFO  org.soitoolkit.commons.mule.test.AbstractTestCase - Setting test timeout to (seconds): 120
2011-03-30 23:22:15,286 INFO  org.soitoolkit.commons.mule.test.AbstractTestCase - Setting test timeout to (seconds): 120

================================================================================
= Testing: test_ok                                                             =
================================================================================
2011-03-30 23:22:15,709 INFO  org.springframework.beans.factory.xml.XmlBeanDefinitionReader - Loading XML bean definitions from URL [jar:file:/Users/magnuslarsson/.m2/repository/org/mule/modules/mule-module-spring-config/3.1.1/mule-module-spring-config-3.1.1.jar!/mule-spring-config.xml]
2011-03-30 23:22:15,934 INFO  org.springframework.beans.factory.xml.XmlBeanDefinitionReader - Loading XML bean definitions from URL [jar:file:/Users/magnuslarsson/.m2/repository/org/mule/modules/mule-module-spring-config/3.1.1/mule-module-spring-config-3.1.1.jar!/default-mule-config.xml]
2011-03-30 23:22:16,385 INFO  org.springframework.beans.factory.xml.XmlBeanDefinitionReader - Loading XML bean definitions from URL [jar:file:/Users/magnuslarsson/.m2/repository/org/soitoolkit/commons/components/soitoolkit-commons-mule/0.4.1-SNAPSHOT/soitoolkit-commons-mule-0.4.1-SNAPSHOT.jar!/soitoolkit-mule-jms-connector-activemq-embedded.xml]
2011-03-30 23:22:16,696 INFO  org.springframework.beans.factory.xml.XmlBeanDefinitionReader - Loading XML bean definitions from class path resource [soitoolkit-mule-jms-connector-commons.xml]
2011-03-30 23:22:17,127 INFO  org.springframework.beans.factory.xml.XmlBeanDefinitionReader - Loading XML bean definitions from URL [file:/Users/magnuslarsson/Documents/temp/_plugintests/jUnitTests/requestResponseSA310/trunk/requestResponseSA310-services/target/classes/requestResponseSA310-common.xml]
2011-03-30 23:22:17,276 INFO  org.springframework.beans.factory.xml.XmlBeanDefinitionReader - Loading XML bean definitions from URL [file:/Users/magnuslarsson/Documents/temp/_plugintests/jUnitTests/requestResponseSA310/trunk/requestResponseSA310-services/target/classes/services/soaphttpToJmsUsingJava-service.xml]
2011-03-30 23:22:17,423 INFO  org.springframework.beans.factory.xml.XmlBeanDefinitionReader - Loading XML bean definitions from URL [file:/Users/magnuslarsson/Documents/temp/_plugintests/jUnitTests/requestResponseSA310/trunk/requestResponseSA310-services/target/test-classes/teststub-services/soaphttpToJmsUsingJava-teststub-service.xml]
2011-03-30 23:22:17,618 INFO  org.springframework.core.io.support.PropertiesLoaderSupport - Loading properties file from class path resource [requestResponseSA310-security.properties]
2011-03-30 23:22:17,619 INFO  org.springframework.core.io.support.PropertiesLoaderSupport - Loading properties file from class path resource [requestResponseSA310-config.properties]
2011-03-30 23:22:17,619 INFO  org.springframework.core.io.support.PropertiesLoaderSupport - Loading properties file from URL [file:${app.home}/requestResponseSA310/config/requestResponseSA310-security.properties]
2011-03-30 23:22:17,620 WARN  org.springframework.core.io.support.PropertiesLoaderSupport - Could not load properties from URL [file:${app.home}/requestResponseSA310/config/requestResponseSA310-security.properties]: ${app.home}/requestResponseSA310/config/requestResponseSA310-security.properties (No such file or directory)
2011-03-30 23:22:17,620 INFO  org.springframework.core.io.support.PropertiesLoaderSupport - Loading properties file from URL [file:${app.home}/requestResponseSA310/config/requestResponseSA310-config.properties]
2011-03-30 23:22:17,622 WARN  org.springframework.core.io.support.PropertiesLoaderSupport - Could not load properties from URL [file:${app.home}/requestResponseSA310/config/requestResponseSA310-config.properties]: ${app.home}/requestResponseSA310/config/requestResponseSA310-config.properties (No such file or directory)
2011-03-30 23:22:19,006 INFO  org.mule.exception.AbstractExceptionListener - Initialising exception listener: org.soitoolkit.commons.mule.error.ServiceExceptionStrategy@7c04703c
2011-03-30 23:22:19,141 WARN  org.mule.context.notification.Configuration - The notification listener subscription &quot;ListenerSubscriptionPair [listener=ObjectToStringTransformer{this=3bd85e85, name=&apos;objToStr&apos;, ignoreBadInput=false, returnClass=SimpleDataType{type=java.lang.String, mimeType=&apos;text/plain&apos;}, sourceTypes=[SimpleDataType{type=java.lang.Object, mimeType=&apos;*/*&apos;}, SimpleDataType{type=[B, mimeType=&apos;*/*&apos;}, SimpleDataType{type=java.io.InputStream, mimeType=&apos;*/*&apos;}, SimpleDataType{type=org.mule.api.transport.OutputHandler, mimeType=&apos;*/*&apos;}]}, subscription=NULL]&quot; has already been registered
2011-03-30 23:22:19,142 WARN  org.mule.context.notification.Configuration - The notification listener subscription &quot;ListenerSubscriptionPair [listener=CreateSoapFaultIfExceptionTransformer{this=c1bb35b, name=&apos;createSoapFaultIfException&apos;, ignoreBadInput=false, returnClass=SimpleDataType{type=java.lang.Object, mimeType=&apos;*/*&apos;}, sourceTypes=[]}, subscription=NULL]&quot; has already been registered
2011-03-30 23:22:19,949 WARN  org.mule.context.notification.Configuration - The notification listener subscription &quot;ListenerSubscriptionPair [listener=JMSMessageToObject{this=397b6074, name=&apos;jmsToStr&apos;, ignoreBadInput=false, returnClass=SimpleDataType{type=java.lang.Object, mimeType=&apos;*/*&apos;}, sourceTypes=[SimpleDataType{type=javax.jms.Message, mimeType=&apos;*/*&apos;}, SimpleDataType{type=javax.jms.TextMessage, mimeType=&apos;*/*&apos;}, SimpleDataType{type=javax.jms.ObjectMessage, mimeType=&apos;*/*&apos;}, SimpleDataType{type=javax.jms.BytesMessage, mimeType=&apos;*/*&apos;}, SimpleDataType{type=javax.jms.MapMessage, mimeType=&apos;*/*&apos;}, SimpleDataType{type=javax.jms.StreamMessage, mimeType=&apos;*/*&apos;}]}, subscription=NULL]&quot; has already been registered
2011-03-30 23:22:19,953 WARN  org.mule.context.notification.Configuration - The notification listener subscription &quot;ListenerSubscriptionPair [listener=SoaphttpToJmsUsingJavaResponseTransformer{this=52f97d27, name=&apos;soaphttpToJmsUsingJavaResponseTransformer&apos;, ignoreBadInput=false, returnClass=SimpleDataType{type=java.lang.Object, mimeType=&apos;*/*&apos;}, sourceTypes=[]}, subscription=NULL]&quot; has already been registered
2011-03-30 23:22:20,234 WARN  org.mule.context.notification.Configuration - The notification listener subscription &quot;ListenerSubscriptionPair [listener=JMSMessageToObject{this=58cf17c3, name=&apos;jmsToStr&apos;, ignoreBadInput=false, returnClass=SimpleDataType{type=java.lang.Object, mimeType=&apos;*/*&apos;}, sourceTypes=[SimpleDataType{type=javax.jms.Message, mimeType=&apos;*/*&apos;}, SimpleDataType{type=javax.jms.TextMessage, mimeType=&apos;*/*&apos;}, SimpleDataType{type=javax.jms.ObjectMessage, mimeType=&apos;*/*&apos;}, SimpleDataType{type=javax.jms.BytesMessage, mimeType=&apos;*/*&apos;}, SimpleDataType{type=javax.jms.MapMessage, mimeType=&apos;*/*&apos;}, SimpleDataType{type=javax.jms.StreamMessage, mimeType=&apos;*/*&apos;}]}, subscription=NULL]&quot; has already been registered
2011-03-30 23:22:20,235 WARN  org.mule.context.notification.Configuration - The notification listener subscription &quot;ListenerSubscriptionPair [listener=ObjectToJMSMessageTransformer{this=16ff6348, name=&apos;strToJms&apos;, ignoreBadInput=false, returnClass=SimpleDataType{type=javax.jms.Message, mimeType=&apos;*/*&apos;}, sourceTypes=[]}, subscription=NULL]&quot; has already been registered
2011-03-30 23:22:20,298 INFO  org.mule.DefaultMuleContext    - 
**********************************************************************
* Mule ESB and Integration Platform                                  *
* Version: 3.1.1 Build: 21496                                        *
* MuleSoft, Inc.                                                     *
* For more information go to http://www.mulesoft.org                 *
*                                                                    *
* Server started: 2011-03-30 23:22                                   *
* Server ID: c8ea771e-5b13-11e0-9319-f91662328b86                    *
* JDK: 1.6.0_24 (mixed mode)                                         *
* OS encoding: MacRoman, Mule encoding: UTF-8                        *
* OS: Mac OS X (10.6.7, x86_64)                                      *
* Host: MagnusMac-2.local (10.0.1.2)                                 *
* Mode: Development                                                  *
*                                                                    *
* Agents Running:                                                    *
*   JMX Agent                                                        *
**********************************************************************
2011-03-30 23:22:20,310 INFO  org.soitoolkit.commons.mule.test.AbstractJmsTestUtil - Clearing messages on queues: REQUESTRESPONSESA310.SOAPHTTPTOJMSUSINGJAVA.REQUEST.QUEUE 
2011-03-30 23:22:20,414 INFO  org.soitoolkit.commons.mule.test.AbstractJmsTestUtil - Clearing messages on queues: REQUESTRESPONSESA310.SOAPHTTPTOJMSUSINGJAVA.RESPONSE.QUEUE 
2011-03-30 23:22:20,517 INFO  org.soitoolkit.commons.mule.test.AbstractJmsTestUtil - Clearing messages on queues: SOITOOLKIT.LOG.ERROR 
2011-03-30 23:22:21,325 INFO  org.soitoolkit.commons.mule.log.EventLogger - soi-toolkit.log
** logEvent-info.start ***********************************************************
IntegrationScenarioId=
ContractId=
LogMessage=req-in
ServiceImpl=soaphttpToJmsUsingJava-service
Host=10.0.1.2 (10.0.1.2)
ComponentId=c8ea771e-5b13-11e0-9319-f91662328b86
Endpoint=http://localhost:8081/requestResponseSA310/services/soaphttpToJmsUsingJava/v1
MessageId=cc5d07cb-5b13-11e0-9319-f91662328b86
BusinessCorrelationId=
BusinessContextId=
ExtraInfo=
Payload=
** logEvent-info.end *************************************************************
2011-03-30 23:22:21,340 WARN  org.mule.context.notification.Configuration - The notification listener subscription &quot;ListenerSubscriptionPair [listener=SoaphttpToJmsUsingJavaRequestTransformer{this=5e8518d4, name=&apos;soaphttpToJmsUsingJavaRequestTransformer&apos;, ignoreBadInput=false, returnClass=SimpleDataType{type=java.lang.Object, mimeType=&apos;*/*&apos;}, sourceTypes=[]}, subscription=NULL]&quot; has already been registered
2011-03-30 23:22:21,341 WARN  org.mule.context.notification.Configuration - The notification listener subscription &quot;ListenerSubscriptionPair [listener=ObjectToJMSMessageTransformer{this=742136c6, name=&apos;strToJms&apos;, ignoreBadInput=false, returnClass=SimpleDataType{type=javax.jms.Message, mimeType=&apos;*/*&apos;}, sourceTypes=[]}, subscription=NULL]&quot; has already been registered
2011-03-30 23:22:21,370 INFO  org.soitoolkit.commons.mule.log.EventLogger - soi-toolkit.log
** logEvent-info.start ***********************************************************
IntegrationScenarioId=
ContractId=
LogMessage=req-out
ServiceImpl=soaphttpToJmsUsingJava-service
Host=10.0.1.2 (10.0.1.2)
ComponentId=c8ea771e-5b13-11e0-9319-f91662328b86
Endpoint=jms://REQUESTRESPONSESA310.SOAPHTTPTOJMSUSINGJAVA.REQUEST.QUEUE
MessageId=cc5d07cb-5b13-11e0-9319-f91662328b86
BusinessCorrelationId=
BusinessContextId=
ExtraInfo=
Payload=
** logEvent-info.end *************************************************************
2011-03-30 23:22:21,447 INFO  org.soitoolkit.tool.generator.requestresponsesa310.soaphttptojmsusingjava.SoaphttpToJmsUsingJavaTestProducer - SoaphttpToJmsUsingJavaTestProducer received the request: msg-0001-req,1234567890
2011-03-30 23:22:21,464 INFO  org.soitoolkit.commons.mule.log.EventLogger - soi-toolkit.log
** logEvent-info.start ***********************************************************
IntegrationScenarioId=
ContractId=
LogMessage=resp-in
ServiceImpl=soaphttpToJmsUsingJava-service
Host=10.0.1.2 (10.0.1.2)
ComponentId=c8ea771e-5b13-11e0-9319-f91662328b86
Endpoint=jms://REQUESTRESPONSESA310.SOAPHTTPTOJMSUSINGJAVA.RESPONSE.QUEUE
MessageId=cc806e57-5b13-11e0-9319-f91662328b86
BusinessCorrelationId=
BusinessContextId=
ExtraInfo=
Payload=
** logEvent-info.end *************************************************************
2011-03-30 23:22:21,557 INFO  org.soitoolkit.commons.mule.log.EventLogger - soi-toolkit.log
** logEvent-info.start ***********************************************************
IntegrationScenarioId=
ContractId=
LogMessage=resp-out
ServiceImpl=soaphttpToJmsUsingJava-service
Host=10.0.1.2 (10.0.1.2)
ComponentId=c8ea771e-5b13-11e0-9319-f91662328b86
Endpoint=jms://REQUESTRESPONSESA310.SOAPHTTPTOJMSUSINGJAVA.RESPONSE.QUEUE
MessageId=cc806e57-5b13-11e0-9319-f91662328b86
BusinessCorrelationId=
BusinessContextId=
ExtraInfo=
Payload=
** logEvent-info.end *************************************************************

================================================================================
= Testing: test_fault_invalidInput                                             =
================================================================================
2011-03-30 23:22:21,627 INFO  org.soitoolkit.commons.mule.test.AbstractJmsTestUtil - Clearing messages on queues: REQUESTRESPONSESA310.SOAPHTTPTOJMSUSINGJAVA.REQUEST.QUEUE 
2011-03-30 23:22:21,739 INFO  org.soitoolkit.commons.mule.test.AbstractJmsTestUtil - Clearing messages on queues: REQUESTRESPONSESA310.SOAPHTTPTOJMSUSINGJAVA.RESPONSE.QUEUE 
2011-03-30 23:22:21,840 INFO  org.soitoolkit.commons.mule.test.AbstractJmsTestUtil - Clearing messages on queues: SOITOOLKIT.LOG.ERROR 
2011-03-30 23:22:21,955 INFO  org.soitoolkit.commons.mule.log.EventLogger - soi-toolkit.log
** logEvent-info.start ***********************************************************
IntegrationScenarioId=
ContractId=
LogMessage=req-in
ServiceImpl=soaphttpToJmsUsingJava-service
Host=10.0.1.2 (10.0.1.2)
ComponentId=c8ea771e-5b13-11e0-9319-f91662328b86
Endpoint=http://localhost:8081/requestResponseSA310/services/soaphttpToJmsUsingJava/v1
MessageId=cccba82c-5b13-11e0-9319-f91662328b86
BusinessCorrelationId=
BusinessContextId=
ExtraInfo=
Payload=
** logEvent-info.end *************************************************************
2011-03-30 23:22:21,963 INFO  org.soitoolkit.commons.mule.log.EventLogger - soi-toolkit.log
** logEvent-info.start ***********************************************************
IntegrationScenarioId=
ContractId=
LogMessage=req-out
ServiceImpl=soaphttpToJmsUsingJava-service
Host=10.0.1.2 (10.0.1.2)
ComponentId=c8ea771e-5b13-11e0-9319-f91662328b86
Endpoint=jms://REQUESTRESPONSESA310.SOAPHTTPTOJMSUSINGJAVA.REQUEST.QUEUE
MessageId=cccba82c-5b13-11e0-9319-f91662328b86
BusinessCorrelationId=
BusinessContextId=
ExtraInfo=
Payload=
** logEvent-info.end *************************************************************
2011-03-30 23:22:21,972 INFO  org.soitoolkit.tool.generator.requestresponsesa310.soaphttptojmsusingjava.SoaphttpToJmsUsingJavaTestProducer - SoaphttpToJmsUsingJavaTestProducer received the request: msg-0001-req,-1
2011-03-30 23:22:21,981 INFO  org.soitoolkit.commons.mule.log.EventLogger - soi-toolkit.log
** logEvent-info.start ***********************************************************
IntegrationScenarioId=
ContractId=
LogMessage=resp-in
ServiceImpl=soaphttpToJmsUsingJava-service
Host=10.0.1.2 (10.0.1.2)
ComponentId=c8ea771e-5b13-11e0-9319-f91662328b86
Endpoint=jms://REQUESTRESPONSESA310.SOAPHTTPTOJMSUSINGJAVA.RESPONSE.QUEUE
MessageId=cccf78c8-5b13-11e0-9319-f91662328b86
BusinessCorrelationId=
BusinessContextId=
ExtraInfo=
Payload=
** logEvent-info.end *************************************************************
2011-03-30 23:22:21,986 INFO  org.soitoolkit.commons.mule.log.EventLogger - soi-toolkit.log
** logEvent-info.start ***********************************************************
IntegrationScenarioId=
ContractId=
LogMessage=resp-out
ServiceImpl=soaphttpToJmsUsingJava-service
Host=10.0.1.2 (10.0.1.2)
ComponentId=c8ea771e-5b13-11e0-9319-f91662328b86
Endpoint=jms://REQUESTRESPONSESA310.SOAPHTTPTOJMSUSINGJAVA.RESPONSE.QUEUE
MessageId=cccf78c8-5b13-11e0-9319-f91662328b86
BusinessCorrelationId=
BusinessContextId=
ExtraInfo=
Payload=
** logEvent-info.end *************************************************************

================================================================================
= Testing: test_fault_timeout                                                  =
================================================================================
2011-03-30 23:22:22,015 INFO  org.soitoolkit.commons.mule.test.AbstractJmsTestUtil - Clearing messages on queues: REQUESTRESPONSESA310.SOAPHTTPTOJMSUSINGJAVA.REQUEST.QUEUE 
2011-03-30 23:22:22,116 INFO  org.soitoolkit.commons.mule.test.AbstractJmsTestUtil - Clearing messages on queues: REQUESTRESPONSESA310.SOAPHTTPTOJMSUSINGJAVA.RESPONSE.QUEUE 
2011-03-30 23:22:22,217 INFO  org.soitoolkit.commons.mule.test.AbstractJmsTestUtil - Clearing messages on queues: SOITOOLKIT.LOG.ERROR 
2011-03-30 23:22:22,333 INFO  org.soitoolkit.commons.mule.log.EventLogger - soi-toolkit.log
** logEvent-info.start ***********************************************************
IntegrationScenarioId=
ContractId=
LogMessage=req-in
ServiceImpl=soaphttpToJmsUsingJava-service
Host=10.0.1.2 (10.0.1.2)
ComponentId=c8ea771e-5b13-11e0-9319-f91662328b86
Endpoint=http://localhost:8081/requestResponseSA310/services/soaphttpToJmsUsingJava/v1
MessageId=cd052ecd-5b13-11e0-9319-f91662328b86
BusinessCorrelationId=
BusinessContextId=
ExtraInfo=
Payload=
** logEvent-info.end *************************************************************
2011-03-30 23:22:22,342 INFO  org.soitoolkit.commons.mule.log.EventLogger - soi-toolkit.log
** logEvent-info.start ***********************************************************
IntegrationScenarioId=
ContractId=
LogMessage=req-out
ServiceImpl=soaphttpToJmsUsingJava-service
Host=10.0.1.2 (10.0.1.2)
ComponentId=c8ea771e-5b13-11e0-9319-f91662328b86
Endpoint=jms://REQUESTRESPONSESA310.SOAPHTTPTOJMSUSINGJAVA.REQUEST.QUEUE
MessageId=cd052ecd-5b13-11e0-9319-f91662328b86
BusinessCorrelationId=
BusinessContextId=
ExtraInfo=
Payload=
** logEvent-info.end *************************************************************
2011-03-30 23:22:22,353 INFO  org.soitoolkit.tool.generator.requestresponsesa310.soaphttptojmsusingjava.SoaphttpToJmsUsingJavaTestProducer - SoaphttpToJmsUsingJavaTestProducer received the request: msg-0001-req,0
2011-03-30 23:22:30,355 WARN  org.apache.cxf.common.logging.LogUtils - Interceptor for {urn:org.soitoolkit.refapps.sd.sample.wsdl:v1}sampleService has thrown exception, unwinding now
org.apache.cxf.interceptor.Fault: Response timed out (8000ms) waiting for message response id &quot;cd052ecd-5b13-11e0-9319-f91662328b86&quot; or this action was interrupted. Failed to route event via endpoint: null. Message payload is of type: String
	at org.mule.module.cxf.MuleInvoker.invoke(MuleInvoker.java:85)
	at org.apache.cxf.interceptor.ServiceInvokerInterceptor$1.run(ServiceInvokerInterceptor.java:58)
	at java.util.concurrent.Executors$RunnableAdapter.call(Executors.java:441)
	at java.util.concurrent.FutureTask$Sync.innerRun(FutureTask.java:303)
	at java.util.concurrent.FutureTask.run(FutureTask.java:138)
	at org.apache.cxf.workqueue.SynchronousExecutor.execute(SynchronousExecutor.java:37)
	at org.apache.cxf.interceptor.ServiceInvokerInterceptor.handleMessage(ServiceInvokerInterceptor.java:106)
	at org.apache.cxf.phase.PhaseInterceptorChain.doIntercept(PhaseInterceptorChain.java:255)
	at org.apache.cxf.transport.ChainInitiationObserver.onMessage(ChainInitiationObserver.java:113)
	at org.mule.module.cxf.CxfInboundMessageProcessor.sendToDestination(CxfInboundMessageProcessor.java:288)
	at org.mule.module.cxf.CxfInboundMessageProcessor.process(CxfInboundMessageProcessor.java:129)
	at org.mule.module.cxf.config.FlowConfiguringMessageProcessor.process(FlowConfiguringMessageProcessor.java:50)
	at org.mule.processor.chain.DefaultMessageProcessorChain.doProcess(DefaultMessageProcessorChain.java:72)
	at org.mule.processor.chain.AbstractMessageProcessorChain.process(AbstractMessageProcessorChain.java:89)
	at org.mule.processor.AbstractInterceptingMessageProcessor.processNext(AbstractInterceptingMessageProcessor.java:81)
	at org.mule.processor.ExceptionHandlingMessageProcessor.process(ExceptionHandlingMessageProcessor.java:25)
	at org.mule.processor.chain.DefaultMessageProcessorChain.doProcess(DefaultMessageProcessorChain.java:72)
	at org.mule.processor.chain.AbstractMessageProcessorChain.process(AbstractMessageProcessorChain.java:89)
	at org.mule.processor.chain.InterceptingChainLifecycleWrapper.doProcess(InterceptingChainLifecycleWrapper.java:63)
	at org.mule.processor.chain.AbstractMessageProcessorChain.process(AbstractMessageProcessorChain.java:89)
	at org.mule.processor.chain.InterceptingChainLifecycleWrapper.process(InterceptingChainLifecycleWrapper.java:94)
	at org.mule.processor.chain.DefaultMessageProcessorChain.doProcess(DefaultMessageProcessorChain.java:72)
	at org.mule.processor.chain.AbstractMessageProcessorChain.process(AbstractMessageProcessorChain.java:89)
	at org.mule.processor.chain.InterceptingChainLifecycleWrapper.doProcess(InterceptingChainLifecycleWrapper.java:63)
	at org.mule.processor.chain.AbstractMessageProcessorChain.process(AbstractMessageProcessorChain.java:89)
	at org.mule.processor.chain.InterceptingChainLifecycleWrapper.process(InterceptingChainLifecycleWrapper.java:94)
	at org.mule.transport.AbstractMessageReceiver.routeMessage(AbstractMessageReceiver.java:185)
	at org.mule.transport.AbstractMessageReceiver.routeMessage(AbstractMessageReceiver.java:158)
	at org.mule.transport.AbstractMessageReceiver.routeMessage(AbstractMessageReceiver.java:145)
	at org.mule.transport.http.HttpMessageReceiver$HttpWorker.doRequest(HttpMessageReceiver.java:247)
	at org.mule.transport.http.HttpMessageReceiver$HttpWorker.processRequest(HttpMessageReceiver.java:206)
	at org.mule.transport.http.HttpMessageReceiver$HttpWorker.run(HttpMessageReceiver.java:164)
	at org.mule.work.WorkerContext.run(WorkerContext.java:309)
	at edu.emory.mathcs.backport.java.util.concurrent.ThreadPoolExecutor.runWorker(ThreadPoolExecutor.java:1061)
	at edu.emory.mathcs.backport.java.util.concurrent.ThreadPoolExecutor$Worker.run(ThreadPoolExecutor.java:575)
	at java.lang.Thread.run(Thread.java:680)
Caused by: org.mule.api.routing.ResponseTimeoutException: Response timed out (8000ms) waiting for message response id &quot;cd052ecd-5b13-11e0-9319-f91662328b86&quot; or this action was interrupted. Failed to route event via endpoint: null. Message payload is of type: String
	at org.mule.routing.requestreply.AbstractAsyncRequestReplyRequester.receiveAsyncReply(AbstractAsyncRequestReplyRequester.java:186)
	at org.mule.routing.requestreply.AbstractAsyncRequestReplyRequester.process(AbstractAsyncRequestReplyRequester.java:68)
	at org.mule.processor.AbstractInterceptingMessageProcessor.processNext(AbstractInterceptingMessageProcessor.java:81)
	at org.mule.service.processor.ServiceInternalMessageProcessor.process(ServiceInternalMessageProcessor.java:57)
	at org.mule.processor.AbstractInterceptingMessageProcessor.processNext(AbstractInterceptingMessageProcessor.java:81)
	at org.mule.processor.AsyncInterceptingMessageProcessor.process(AsyncInterceptingMessageProcessor.java:101)
	at org.mule.processor.chain.DefaultMessageProcessorChain.doProcess(DefaultMessageProcessorChain.java:72)
	at org.mule.processor.chain.AbstractMessageProcessorChain.process(AbstractMessageProcessorChain.java:89)
	at org.mule.processor.AbstractInterceptingMessageProcessor.processNext(AbstractInterceptingMessageProcessor.java:81)
	at org.mule.interceptor.AbstractEnvelopeInterceptor.process(AbstractEnvelopeInterceptor.java:55)
	at org.mule.processor.AbstractInterceptingMessageProcessor.processNext(AbstractInterceptingMessageProcessor.java:81)
	at org.mule.lifecycle.processor.ProcessIfStartedWaitIfSyncPausedMessageProcessor.process(ProcessIfStartedWaitIfSyncPausedMessageProcessor.java:56)
	at org.mule.processor.chain.DefaultMessageProcessorChain.doProcess(DefaultMessageProcessorChain.java:72)
	at org.mule.processor.chain.AbstractMessageProcessorChain.process(AbstractMessageProcessorChain.java:89)
	at org.mule.processor.chain.InterceptingChainLifecycleWrapper.doProcess(InterceptingChainLifecycleWrapper.java:63)
	at org.mule.processor.chain.AbstractMessageProcessorChain.process(AbstractMessageProcessorChain.java:89)
	at org.mule.processor.chain.InterceptingChainLifecycleWrapper.process(InterceptingChainLifecycleWrapper.java:94)
	at org.mule.service.AbstractService$7.process(AbstractService.java:425)
	at org.mule.processor.AbstractInterceptingMessageProcessor.processNext(AbstractInterceptingMessageProcessor.java:81)
	at org.mule.service.ServiceCompositeMessageSource$1.process(ServiceCompositeMessageSource.java:124)
	at org.mule.processor.AbstractInterceptingMessageProcessor.processNext(AbstractInterceptingMessageProcessor.java:81)
	at org.mule.processor.StopFurtherMessageProcessingMessageProcessor.process(StopFurtherMessageProcessingMessageProcessor.java:23)
	at org.mule.processor.chain.DefaultMessageProcessorChain.doProcess(DefaultMessageProcessorChain.java:72)
	at org.mule.processor.chain.AbstractMessageProcessorChain.process(AbstractMessageProcessorChain.java:89)
	at org.mule.processor.chain.InterceptingChainLifecycleWrapper.doProcess(InterceptingChainLifecycleWrapper.java:63)
	at org.mule.processor.chain.AbstractMessageProcessorChain.process(AbstractMessageProcessorChain.java:89)
	at org.mule.processor.chain.InterceptingChainLifecycleWrapper.process(InterceptingChainLifecycleWrapper.java:94)
	at org.mule.source.StartableCompositeMessageSource$InternalMessageProcessor.process(StartableCompositeMessageSource.java:219)
	at org.mule.processor.chain.DefaultMessageProcessorChain.doProcess(DefaultMessageProcessorChain.java:72)
	at org.mule.processor.chain.AbstractMessageProcessorChain.process(AbstractMessageProcessorChain.java:89)
	at org.mule.processor.AbstractInterceptingMessageProcessor.processNext(AbstractInterceptingMessageProcessor.java:81)
	at org.mule.module.cxf.CxfInboundMessageProcessor.processNext(CxfInboundMessageProcessor.java:328)
	at org.mule.module.cxf.MuleInvoker.invoke(MuleInvoker.java:80)
	... 35 more
2011-03-30 23:22:30,364 INFO  org.soitoolkit.commons.mule.log.EventLogger - soi-toolkit.log
** logEvent-info.start ***********************************************************
IntegrationScenarioId=
ContractId=
LogMessage=resp-out
ServiceImpl=soaphttpToJmsUsingJava-service
Host=10.0.1.2 (10.0.1.2)
ComponentId=c8ea771e-5b13-11e0-9319-f91662328b86
Endpoint=jms://REQUESTRESPONSESA310.SOAPHTTPTOJMSUSINGJAVA.REQUEST.QUEUE
MessageId=cd052ecd-5b13-11e0-9319-f91662328b86
BusinessCorrelationId=
BusinessContextId=
ExtraInfo=
Payload=
** logEvent-info.end *************************************************************
2011-03-30 23:22:31,361 INFO  org.soitoolkit.commons.mule.log.EventLogger - soi-toolkit.log
** logEvent-info.start ***********************************************************
IntegrationScenarioId=
ContractId=
LogMessage=resp-in
ServiceImpl=soaphttpToJmsUsingJava-service
Host=10.0.1.2 (10.0.1.2)
ComponentId=c8ea771e-5b13-11e0-9319-f91662328b86
Endpoint=jms://REQUESTRESPONSESA310.SOAPHTTPTOJMSUSINGJAVA.RESPONSE.QUEUE
MessageId=d266bf1a-5b13-11e0-9319-f91662328b86
BusinessCorrelationId=
BusinessContextId=
ExtraInfo=
Payload=
** logEvent-info.end *************************************************************
2011-03-30 23:22:32,799 INFO  org.mule.DefaultMuleContext    - 
**********************************************************************
* Mule Context shut down normally on: 2011-03-30 23:22               *
* Server was up for: 0 days, 0 hours, 0 mins, 13.736 sec             *
**********************************************************************
Tests run: 3, Failures: 0, Errors: 0, Skipped: 0, Time elapsed: 17.603 sec
Running org.soitoolkit.tool.generator.requestresponsesa310.soaphttptoresthttpusingjava.SoaphttpToResthttpUsingJavaIntegrationTest
2011-03-30 23:22:32,811 INFO  org.soitoolkit.tool.generator.requestresponsesa310.RequestResponseSA310MuleServer - URL: http://localhost:8081/requestResponseSA310/services/soaphttpToResthttpUsingJava/v1
2011-03-30 23:22:32,813 INFO  org.soitoolkit.commons.mule.test.AbstractTestCase - Setting test timeout to (seconds): 120
2011-03-30 23:22:32,813 INFO  org.soitoolkit.commons.mule.test.AbstractTestCase - Setting test timeout to (seconds): 120
2011-03-30 23:22:32,814 INFO  org.soitoolkit.commons.mule.test.AbstractTestCase - Setting test timeout to (seconds): 120

================================================================================
= Testing: test_ok                                                             =
================================================================================
2011-03-30 23:22:32,841 INFO  org.springframework.beans.factory.xml.XmlBeanDefinitionReader - Loading XML bean definitions from URL [jar:file:/Users/magnuslarsson/.m2/repository/org/mule/modules/mule-module-spring-config/3.1.1/mule-module-spring-config-3.1.1.jar!/mule-spring-config.xml]
2011-03-30 23:22:32,875 INFO  org.springframework.beans.factory.xml.XmlBeanDefinitionReader - Loading XML bean definitions from URL [jar:file:/Users/magnuslarsson/.m2/repository/org/mule/modules/mule-module-spring-config/3.1.1/mule-module-spring-config-3.1.1.jar!/default-mule-config.xml]
2011-03-30 23:22:33,059 INFO  org.springframework.beans.factory.xml.XmlBeanDefinitionReader - Loading XML bean definitions from URL [jar:file:/Users/magnuslarsson/.m2/repository/org/soitoolkit/commons/components/soitoolkit-commons-mule/0.4.1-SNAPSHOT/soitoolkit-commons-mule-0.4.1-SNAPSHOT.jar!/soitoolkit-mule-jms-connector-activemq-embedded.xml]
2011-03-30 23:22:33,241 INFO  org.springframework.beans.factory.xml.XmlBeanDefinitionReader - Loading XML bean definitions from class path resource [soitoolkit-mule-jms-connector-commons.xml]
2011-03-30 23:22:33,404 INFO  org.springframework.beans.factory.xml.XmlBeanDefinitionReader - Loading XML bean definitions from URL [file:/Users/magnuslarsson/Documents/temp/_plugintests/jUnitTests/requestResponseSA310/trunk/requestResponseSA310-services/target/classes/requestResponseSA310-common.xml]
2011-03-30 23:22:33,535 INFO  org.springframework.beans.factory.xml.XmlBeanDefinitionReader - Loading XML bean definitions from URL [file:/Users/magnuslarsson/Documents/temp/_plugintests/jUnitTests/requestResponseSA310/trunk/requestResponseSA310-services/target/classes/services/soaphttpToResthttpUsingJava-service.xml]
2011-03-30 23:22:33,896 INFO  org.springframework.beans.factory.xml.XmlBeanDefinitionReader - Loading XML bean definitions from URL [file:/Users/magnuslarsson/Documents/temp/_plugintests/jUnitTests/requestResponseSA310/trunk/requestResponseSA310-services/target/test-classes/teststub-services/soaphttpToResthttpUsingJava-teststub-service.xml]
2011-03-30 23:22:33,993 INFO  org.springframework.core.io.support.PropertiesLoaderSupport - Loading properties file from class path resource [requestResponseSA310-security.properties]
2011-03-30 23:22:33,994 INFO  org.springframework.core.io.support.PropertiesLoaderSupport - Loading properties file from class path resource [requestResponseSA310-config.properties]
2011-03-30 23:22:33,994 INFO  org.springframework.core.io.support.PropertiesLoaderSupport - Loading properties file from URL [file:${app.home}/requestResponseSA310/config/requestResponseSA310-security.properties]
2011-03-30 23:22:33,995 WARN  org.springframework.core.io.support.PropertiesLoaderSupport - Could not load properties from URL [file:${app.home}/requestResponseSA310/config/requestResponseSA310-security.properties]: ${app.home}/requestResponseSA310/config/requestResponseSA310-security.properties (No such file or directory)
2011-03-30 23:22:33,995 INFO  org.springframework.core.io.support.PropertiesLoaderSupport - Loading properties file from URL [file:${app.home}/requestResponseSA310/config/requestResponseSA310-config.properties]
2011-03-30 23:22:33,995 WARN  org.springframework.core.io.support.PropertiesLoaderSupport - Could not load properties from URL [file:${app.home}/requestResponseSA310/config/requestResponseSA310-config.properties]: ${app.home}/requestResponseSA310/config/requestResponseSA310-config.properties (No such file or directory)
2011-mar-30 23:22:34 com.sun.jersey.server.impl.application.WebApplicationImpl _initiate
INFO: Initiating Jersey application, version &apos;Jersey: 1.3 06/17/2010 04:53 PM&apos;
2011-03-30 23:22:35,610 INFO  org.mule.exception.AbstractExceptionListener - Initialising exception listener: org.soitoolkit.commons.mule.error.ServiceExceptionStrategy@71bb0662
2011-03-30 23:22:35,666 WARN  org.mule.context.notification.Configuration - The notification listener subscription &quot;ListenerSubscriptionPair [listener=ObjectToStringTransformer{this=39b3cc96, name=&apos;objToStr&apos;, ignoreBadInput=false, returnClass=SimpleDataType{type=java.lang.String, mimeType=&apos;text/plain&apos;}, sourceTypes=[SimpleDataType{type=java.lang.Object, mimeType=&apos;*/*&apos;}, SimpleDataType{type=[B, mimeType=&apos;*/*&apos;}, SimpleDataType{type=java.io.InputStream, mimeType=&apos;*/*&apos;}, SimpleDataType{type=org.mule.api.transport.OutputHandler, mimeType=&apos;*/*&apos;}]}, subscription=NULL]&quot; has already been registered
2011-03-30 23:22:35,668 WARN  org.mule.context.notification.Configuration - The notification listener subscription &quot;ListenerSubscriptionPair [listener=CreateSoapFaultIfExceptionTransformer{this=61202afe, name=&apos;createSoapFaultIfException&apos;, ignoreBadInput=false, returnClass=SimpleDataType{type=java.lang.Object, mimeType=&apos;*/*&apos;}, sourceTypes=[]}, subscription=NULL]&quot; has already been registered
2011-03-30 23:22:35,929 INFO  org.mule.DefaultMuleContext    - 
**********************************************************************
* Mule ESB and Integration Platform                                  *
* Version: 3.1.1 Build: 21496                                        *
* MuleSoft, Inc.                                                     *
* For more information go to http://www.mulesoft.org                 *
*                                                                    *
* Server started: 2011-03-30 23:22                                   *
* Server ID: d346e5ef-5b13-11e0-9319-f91662328b86                    *
* JDK: 1.6.0_24 (mixed mode)                                         *
* OS encoding: MacRoman, Mule encoding: UTF-8                        *
* OS: Mac OS X (10.6.7, x86_64)                                      *
* Host: MagnusMac-2.local (10.0.1.2)                                 *
* Mode: Development                                                  *
*                                                                    *
* Agents Running:                                                    *
*   JMX Agent                                                        *
**********************************************************************
2011-03-30 23:22:35,959 INFO  org.soitoolkit.commons.mule.test.AbstractJmsTestUtil - Clearing messages on queues: SOITOOLKIT.LOG.ERROR 
2011-03-30 23:22:36,356 INFO  org.soitoolkit.commons.mule.log.EventLogger - soi-toolkit.log
** logEvent-info.start ***********************************************************
IntegrationScenarioId=
ContractId=
LogMessage=req-in
ServiceImpl=soaphttpToResthttpUsingJava-service
Host=10.0.1.2 (10.0.1.2)
ComponentId=d346e5ef-5b13-11e0-9319-f91662328b86
Endpoint=http://localhost:8081/requestResponseSA310/services/soaphttpToResthttpUsingJava/v1
MessageId=d560292c-5b13-11e0-9319-f91662328b86
BusinessCorrelationId=
BusinessContextId=
ExtraInfo=
Payload=
** logEvent-info.end *************************************************************
2011-03-30 23:22:36,554 WARN  org.mule.context.notification.Configuration - The notification listener subscription &quot;ListenerSubscriptionPair [listener=SoaphttpToResthttpUsingJavaRequestTransformer{this=653f8d12, name=&apos;soaphttpToResthttpUsingJavaRequestTransformer&apos;, ignoreBadInput=false, returnClass=SimpleDataType{type=java.lang.Object, mimeType=&apos;*/*&apos;}, sourceTypes=[]}, subscription=NULL]&quot; has already been registered
2011-03-30 23:22:36,554 WARN  org.mule.context.notification.Configuration - The notification listener subscription &quot;ListenerSubscriptionPair [listener=ObjectToStringTransformer{this=70d5fcfe, name=&apos;objToStr&apos;, ignoreBadInput=false, returnClass=SimpleDataType{type=java.lang.String, mimeType=&apos;text/plain&apos;}, sourceTypes=[SimpleDataType{type=java.lang.Object, mimeType=&apos;*/*&apos;}, SimpleDataType{type=[B, mimeType=&apos;*/*&apos;}, SimpleDataType{type=java.io.InputStream, mimeType=&apos;*/*&apos;}, SimpleDataType{type=org.mule.api.transport.OutputHandler, mimeType=&apos;*/*&apos;}]}, subscription=NULL]&quot; has already been registered
2011-03-30 23:22:36,555 WARN  org.mule.context.notification.Configuration - The notification listener subscription &quot;ListenerSubscriptionPair [listener=SoaphttpToResthttpUsingJavaResponseTransformer{this=2a4df9a0, name=&apos;soaphttpToResthttpUsingJavaResponseTransformer&apos;, ignoreBadInput=false, returnClass=SimpleDataType{type=java.lang.Object, mimeType=&apos;*/*&apos;}, sourceTypes=[]}, subscription=NULL]&quot; has already been registered
2011-03-30 23:22:36,560 INFO  org.soitoolkit.commons.mule.log.EventLogger - soi-toolkit.log
** logEvent-info.start ***********************************************************
IntegrationScenarioId=
ContractId=
LogMessage=req-out
ServiceImpl=soaphttpToResthttpUsingJava-service
Host=10.0.1.2 (10.0.1.2)
ComponentId=d346e5ef-5b13-11e0-9319-f91662328b86
Endpoint=http://localhost:8082/requestResponseSA310/rest-teststub/sample/1234567890
MessageId=d560292c-5b13-11e0-9319-f91662328b86
BusinessCorrelationId=
BusinessContextId=
ExtraInfo=
Payload=
** logEvent-info.end *************************************************************
2011-03-30 23:22:36,740 INFO  org.soitoolkit.tool.generator.requestresponsesa310.soaphttptoresthttpusingjava.SoaphttpToResthttpUsingJavaTestProducer - SoaphttpToResthttpUsingJavaTestProducer received the request: 1234567890
2011-03-30 23:22:36,761 INFO  org.soitoolkit.commons.mule.log.EventLogger - soi-toolkit.log
** logEvent-info.start ***********************************************************
IntegrationScenarioId=
ContractId=
LogMessage=resp-in
ServiceImpl=soaphttpToResthttpUsingJava-service
Host=10.0.1.2 (10.0.1.2)
ComponentId=d346e5ef-5b13-11e0-9319-f91662328b86
Endpoint=http://localhost:8082/requestResponseSA310/rest-teststub/sample/1234567890
MessageId=d59e43a7-5b13-11e0-9319-f91662328b86
BusinessCorrelationId=
BusinessContextId=
ExtraInfo=
Payload=
** logEvent-info.end *************************************************************
2011-03-30 23:22:36,795 INFO  org.soitoolkit.commons.mule.log.EventLogger - soi-toolkit.log
** logEvent-info.start ***********************************************************
IntegrationScenarioId=
ContractId=
LogMessage=resp-out
ServiceImpl=soaphttpToResthttpUsingJava-service
Host=10.0.1.2 (10.0.1.2)
ComponentId=d346e5ef-5b13-11e0-9319-f91662328b86
Endpoint=http://localhost:8082/requestResponseSA310/rest-teststub/sample/1234567890
MessageId=d59e43a7-5b13-11e0-9319-f91662328b86
BusinessCorrelationId=
BusinessContextId=
ExtraInfo=
Payload=
** logEvent-info.end *************************************************************

================================================================================
= Testing: test_fault_invalidInput                                             =
================================================================================
2011-03-30 23:22:36,836 INFO  org.soitoolkit.commons.mule.test.AbstractJmsTestUtil - Clearing messages on queues: SOITOOLKIT.LOG.ERROR 
2011-03-30 23:22:36,960 INFO  org.soitoolkit.commons.mule.log.EventLogger - soi-toolkit.log
** logEvent-info.start ***********************************************************
IntegrationScenarioId=
ContractId=
LogMessage=req-in
ServiceImpl=soaphttpToResthttpUsingJava-service
Host=10.0.1.2 (10.0.1.2)
ComponentId=d346e5ef-5b13-11e0-9319-f91662328b86
Endpoint=http://localhost:8081/requestResponseSA310/services/soaphttpToResthttpUsingJava/v1
MessageId=d5bd3d59-5b13-11e0-9319-f91662328b86
BusinessCorrelationId=
BusinessContextId=
ExtraInfo=
Payload=
** logEvent-info.end *************************************************************
2011-03-30 23:22:36,968 INFO  org.soitoolkit.commons.mule.log.EventLogger - soi-toolkit.log
** logEvent-info.start ***********************************************************
IntegrationScenarioId=
ContractId=
LogMessage=req-out
ServiceImpl=soaphttpToResthttpUsingJava-service
Host=10.0.1.2 (10.0.1.2)
ComponentId=d346e5ef-5b13-11e0-9319-f91662328b86
Endpoint=http://localhost:8082/requestResponseSA310/rest-teststub/sample/-1
MessageId=d5bd3d59-5b13-11e0-9319-f91662328b86
BusinessCorrelationId=
BusinessContextId=
ExtraInfo=
Payload=
** logEvent-info.end *************************************************************
2011-03-30 23:22:36,975 INFO  org.soitoolkit.tool.generator.requestresponsesa310.soaphttptoresthttpusingjava.SoaphttpToResthttpUsingJavaTestProducer - SoaphttpToResthttpUsingJavaTestProducer received the request: -1
2011-mar-30 23:22:36 com.sun.jersey.spi.container.ContainerResponse mapMappableContainerException
ALLVARLIG: The RuntimeException could not be mapped to a response, re-throwing to the HTTP container
java.lang.RuntimeException: Invalid Id: -1
	at org.soitoolkit.tool.generator.requestresponsesa310.soaphttptoresthttpusingjava.SoaphttpToResthttpUsingJavaTestProducer.sample(SoaphttpToResthttpUsingJavaTestProducer.java:37)
	at sun.reflect.NativeMethodAccessorImpl.invoke0(Native Method)
	at sun.reflect.NativeMethodAccessorImpl.invoke(NativeMethodAccessorImpl.java:39)
	at sun.reflect.DelegatingMethodAccessorImpl.invoke(DelegatingMethodAccessorImpl.java:25)
	at java.lang.reflect.Method.invoke(Method.java:597)
	at com.sun.jersey.server.impl.model.method.dispatch.AbstractResourceMethodDispatchProvider$TypeOutInvoker._dispatch(AbstractResourceMethodDispatchProvider.java:165)
	at com.sun.jersey.server.impl.model.method.dispatch.ResourceJavaMethodDispatcher.dispatch(ResourceJavaMethodDispatcher.java:67)
	at com.sun.jersey.server.impl.uri.rules.HttpMethodRule.accept(HttpMethodRule.java:276)
	at com.sun.jersey.server.impl.uri.rules.RightHandPathRule.accept(RightHandPathRule.java:133)
	at com.sun.jersey.server.impl.uri.rules.ResourceClassRule.accept(ResourceClassRule.java:83)
	at com.sun.jersey.server.impl.uri.rules.RightHandPathRule.accept(RightHandPathRule.java:133)
	at com.sun.jersey.server.impl.uri.rules.RootResourceClassesRule.accept(RootResourceClassesRule.java:71)
	at com.sun.jersey.server.impl.application.WebApplicationImpl._handleRequest(WebApplicationImpl.java:1171)
	at com.sun.jersey.server.impl.application.WebApplicationImpl._handleRequest(WebApplicationImpl.java:1103)
	at com.sun.jersey.server.impl.application.WebApplicationImpl.handleRequest(WebApplicationImpl.java:1053)
	at org.mule.module.jersey.JerseyResourcesComponent.doInvoke(JerseyResourcesComponent.java:146)
	at org.mule.component.AbstractComponent.invokeInternal(AbstractComponent.java:120)
	at org.mule.component.AbstractComponent.access$000(AbstractComponent.java:56)
	at org.mule.component.AbstractComponent$1$1.process(AbstractComponent.java:234)
	at org.mule.processor.chain.DefaultMessageProcessorChain.doProcess(DefaultMessageProcessorChain.java:72)
	at org.mule.processor.chain.AbstractMessageProcessorChain.process(AbstractMessageProcessorChain.java:89)
	at org.mule.processor.chain.InterceptingChainLifecycleWrapper.doProcess(InterceptingChainLifecycleWrapper.java:63)
	at org.mule.processor.chain.AbstractMessageProcessorChain.process(AbstractMessageProcessorChain.java:89)
	at org.mule.processor.chain.InterceptingChainLifecycleWrapper.process(InterceptingChainLifecycleWrapper.java:94)
	at org.mule.component.AbstractComponent.process(AbstractComponent.java:154)
	at org.mule.processor.chain.DefaultMessageProcessorChain.doProcess(DefaultMessageProcessorChain.java:72)
	at org.mule.processor.chain.AbstractMessageProcessorChain.process(AbstractMessageProcessorChain.java:89)
	at org.mule.processor.AbstractInterceptingMessageProcessor.processNext(AbstractInterceptingMessageProcessor.java:81)
	at org.mule.interceptor.AbstractEnvelopeInterceptor.process(AbstractEnvelopeInterceptor.java:55)
	at org.mule.processor.AbstractInterceptingMessageProcessor.processNext(AbstractInterceptingMessageProcessor.java:81)
	at org.mule.interceptor.AbstractEnvelopeInterceptor.process(AbstractEnvelopeInterceptor.java:55)
	at org.mule.processor.chain.DefaultMessageProcessorChain.doProcess(DefaultMessageProcessorChain.java:72)
	at org.mule.processor.chain.AbstractMessageProcessorChain.process(AbstractMessageProcessorChain.java:89)
	at org.mule.processor.chain.InterceptingChainLifecycleWrapper.doProcess(InterceptingChainLifecycleWrapper.java:63)
	at org.mule.processor.chain.AbstractMessageProcessorChain.process(AbstractMessageProcessorChain.java:89)
	at org.mule.processor.chain.InterceptingChainLifecycleWrapper.process(InterceptingChainLifecycleWrapper.java:94)
	at org.mule.construct.AbstractFlowConstruct$1$1.process(AbstractFlowConstruct.java:107)
	at org.mule.processor.chain.DefaultMessageProcessorChain.doProcess(DefaultMessageProcessorChain.java:72)
	at org.mule.processor.chain.AbstractMessageProcessorChain.process(AbstractMessageProcessorChain.java:89)
	at org.mule.processor.AbstractInterceptingMessageProcessor.processNext(AbstractInterceptingMessageProcessor.java:81)
	at org.mule.processor.ExceptionHandlingMessageProcessor.process(ExceptionHandlingMessageProcessor.java:25)
	at org.mule.processor.chain.DefaultMessageProcessorChain.doProcess(DefaultMessageProcessorChain.java:72)
	at org.mule.processor.chain.AbstractMessageProcessorChain.process(AbstractMessageProcessorChain.java:89)
	at org.mule.processor.chain.InterceptingChainLifecycleWrapper.doProcess(InterceptingChainLifecycleWrapper.java:63)
	at org.mule.processor.chain.AbstractMessageProcessorChain.process(AbstractMessageProcessorChain.java:89)
	at org.mule.processor.chain.InterceptingChainLifecycleWrapper.process(InterceptingChainLifecycleWrapper.java:94)
	at org.mule.processor.chain.DefaultMessageProcessorChain.doProcess(DefaultMessageProcessorChain.java:72)
	at org.mule.processor.chain.AbstractMessageProcessorChain.process(AbstractMessageProcessorChain.java:89)
	at org.mule.processor.chain.InterceptingChainLifecycleWrapper.doProcess(InterceptingChainLifecycleWrapper.java:63)
	at org.mule.processor.chain.AbstractMessageProcessorChain.process(AbstractMessageProcessorChain.java:89)
	at org.mule.processor.chain.InterceptingChainLifecycleWrapper.process(InterceptingChainLifecycleWrapper.java:94)
	at org.mule.transport.AbstractMessageReceiver.routeMessage(AbstractMessageReceiver.java:185)
	at org.mule.transport.AbstractMessageReceiver.routeMessage(AbstractMessageReceiver.java:158)
	at org.mule.transport.AbstractMessageReceiver.routeMessage(AbstractMessageReceiver.java:145)
	at org.mule.transport.http.HttpMessageReceiver$HttpWorker.doRequest(HttpMessageReceiver.java:247)
	at org.mule.transport.http.HttpMessageReceiver$HttpWorker.processRequest(HttpMessageReceiver.java:206)
	at org.mule.transport.http.HttpMessageReceiver$HttpWorker.run(HttpMessageReceiver.java:164)
	at org.mule.work.WorkerContext.run(WorkerContext.java:309)
	at edu.emory.mathcs.backport.java.util.concurrent.ThreadPoolExecutor.runWorker(ThreadPoolExecutor.java:1061)
	at edu.emory.mathcs.backport.java.util.concurrent.ThreadPoolExecutor$Worker.run(ThreadPoolExecutor.java:575)
	at java.lang.Thread.run(Thread.java:680)
2011-03-30 23:22:36,983 ERROR org.mule.exception.AbstractExceptionListener - 
********************************************************************************
Message               : Failed to invoke JerseyResourcesComponent{soaphttpToResthttpUsingJava-teststub-service.commponent}. Component that caused exception is: JerseyResourcesComponent{soaphttpToResthttpUsingJava-teststub-service.commponent}. Message payload is of type: String
Code                  : MULE_ERROR--2
--------------------------------------------------------------------------------
Exception stack is:
1. Invalid Id: -1 (java.lang.RuntimeException)
  org.soitoolkit.tool.generator.requestresponsesa310.soaphttptoresthttpusingjava.SoaphttpToResthttpUsingJavaTestProducer:37 (null)
2. Failed to invoke JerseyResourcesComponent{soaphttpToResthttpUsingJava-teststub-service.commponent}. Component that caused exception is: JerseyResourcesComponent{soaphttpToResthttpUsingJava-teststub-service.commponent}. Message payload is of type: String (org.mule.component.ComponentException)
  org.mule.component.AbstractComponent:142 (http://www.mulesoft.org/docs/site/current3/apidocs/org/mule/component/ComponentException.html)
--------------------------------------------------------------------------------
Root Exception stack trace:
java.lang.RuntimeException: Invalid Id: -1
	at org.soitoolkit.tool.generator.requestresponsesa310.soaphttptoresthttpusingjava.SoaphttpToResthttpUsingJavaTestProducer.sample(SoaphttpToResthttpUsingJavaTestProducer.java:37)
	at sun.reflect.NativeMethodAccessorImpl.invoke0(Native Method)
	at sun.reflect.NativeMethodAccessorImpl.invoke(NativeMethodAccessorImpl.java:39)
    + 3 more (set debug level logging or &apos;-Dmule.verbose.exceptions=true&apos; for everything)
********************************************************************************

2011-03-30 23:22:36,990 WARN  org.apache.cxf.common.logging.LogUtils - Application {urn:org.soitoolkit.refapps.sd.sample.wsdl:v1}sampleService has thrown exception, unwinding now
org.apache.cxf.interceptor.Fault: Failed to route event via endpoint: org.mule.endpoint.DynamicOutboundEndpoint@2ed4f13a. Message payload is of type: GetMethod
	at org.mule.module.cxf.MuleInvoker.invoke(MuleInvoker.java:118)
	at org.apache.cxf.interceptor.ServiceInvokerInterceptor$1.run(ServiceInvokerInterceptor.java:58)
	at java.util.concurrent.Executors$RunnableAdapter.call(Executors.java:441)
	at java.util.concurrent.FutureTask$Sync.innerRun(FutureTask.java:303)
	at java.util.concurrent.FutureTask.run(FutureTask.java:138)
	at org.apache.cxf.workqueue.SynchronousExecutor.execute(SynchronousExecutor.java:37)
	at org.apache.cxf.interceptor.ServiceInvokerInterceptor.handleMessage(ServiceInvokerInterceptor.java:106)
	at org.apache.cxf.phase.PhaseInterceptorChain.doIntercept(PhaseInterceptorChain.java:255)
	at org.apache.cxf.transport.ChainInitiationObserver.onMessage(ChainInitiationObserver.java:113)
	at org.mule.module.cxf.CxfInboundMessageProcessor.sendToDestination(CxfInboundMessageProcessor.java:288)
	at org.mule.module.cxf.CxfInboundMessageProcessor.process(CxfInboundMessageProcessor.java:129)
	at org.mule.module.cxf.config.FlowConfiguringMessageProcessor.process(FlowConfiguringMessageProcessor.java:50)
	at org.mule.processor.chain.DefaultMessageProcessorChain.doProcess(DefaultMessageProcessorChain.java:72)
	at org.mule.processor.chain.AbstractMessageProcessorChain.process(AbstractMessageProcessorChain.java:89)
	at org.mule.processor.AbstractInterceptingMessageProcessor.processNext(AbstractInterceptingMessageProcessor.java:81)
	at org.mule.processor.ExceptionHandlingMessageProcessor.process(ExceptionHandlingMessageProcessor.java:25)
	at org.mule.processor.chain.DefaultMessageProcessorChain.doProcess(DefaultMessageProcessorChain.java:72)
	at org.mule.processor.chain.AbstractMessageProcessorChain.process(AbstractMessageProcessorChain.java:89)
	at org.mule.processor.chain.InterceptingChainLifecycleWrapper.doProcess(InterceptingChainLifecycleWrapper.java:63)
	at org.mule.processor.chain.AbstractMessageProcessorChain.process(AbstractMessageProcessorChain.java:89)
	at org.mule.processor.chain.InterceptingChainLifecycleWrapper.process(InterceptingChainLifecycleWrapper.java:94)
	at org.mule.processor.chain.DefaultMessageProcessorChain.doProcess(DefaultMessageProcessorChain.java:72)
	at org.mule.processor.chain.AbstractMessageProcessorChain.process(AbstractMessageProcessorChain.java:89)
	at org.mule.processor.chain.InterceptingChainLifecycleWrapper.doProcess(InterceptingChainLifecycleWrapper.java:63)
	at org.mule.processor.chain.AbstractMessageProcessorChain.process(AbstractMessageProcessorChain.java:89)
	at org.mule.processor.chain.InterceptingChainLifecycleWrapper.process(InterceptingChainLifecycleWrapper.java:94)
	at org.mule.transport.AbstractMessageReceiver.routeMessage(AbstractMessageReceiver.java:185)
	at org.mule.transport.AbstractMessageReceiver.routeMessage(AbstractMessageReceiver.java:158)
	at org.mule.transport.AbstractMessageReceiver.routeMessage(AbstractMessageReceiver.java:145)
	at org.mule.transport.http.HttpMessageReceiver$HttpWorker.doRequest(HttpMessageReceiver.java:247)
	at org.mule.transport.http.HttpMessageReceiver$HttpWorker.processRequest(HttpMessageReceiver.java:206)
	at org.mule.transport.http.HttpMessageReceiver$HttpWorker.run(HttpMessageReceiver.java:164)
	at org.mule.work.WorkerContext.run(WorkerContext.java:309)
	at edu.emory.mathcs.backport.java.util.concurrent.ThreadPoolExecutor.runWorker(ThreadPoolExecutor.java:1061)
	at edu.emory.mathcs.backport.java.util.concurrent.ThreadPoolExecutor$Worker.run(ThreadPoolExecutor.java:575)
	at java.lang.Thread.run(Thread.java:680)
Caused by: org.mule.api.transport.DispatchException: Failed to route event via endpoint: org.mule.endpoint.DynamicOutboundEndpoint@2ed4f13a. Message payload is of type: GetMethod
	at org.mule.transport.http.HttpClientMessageDispatcher.doSend(HttpClientMessageDispatcher.java:266)
	at org.mule.transport.AbstractMessageDispatcher.process(AbstractMessageDispatcher.java:80)
[...]
[INFO] 
[INFO] 
[INFO] ------------------------------------------------------------------------
[INFO] Reactor Summary:
[INFO] ------------------------------------------------------------------------
[INFO] requestResponseWD310 .................................. SUCCESS [0.647s]
[INFO] requestResponseWD310-services ......................... SUCCESS [0.031s]
[INFO] requestResponseWD310-web .............................. SUCCESS [0.036s]
[INFO] requestResponseWD310-teststub-web ..................... SUCCESS [0.034s]
[INFO] ------------------------------------------------------------------------
[INFO] ------------------------------------------------------------------------
[INFO] BUILD SUCCESSFUL
[INFO] ------------------------------------------------------------------------
[INFO] Total time: 1 second
[INFO] Finished at: Wed Mar 30 23:26:43 CEST 2011
[INFO] Final Memory: 8M/81M
[INFO] ------------------------------------------------------------------------
INFO: Generate files from templateFolder: /templates/integrationComponent/newProject
INFO: Created directory: /Users/magnuslarsson/Documents/temp/_plugintests/jUnitTests/Request-Response-WD-Tests-310/branches
INFO: Created directory: /Users/magnuslarsson/Documents/temp/_plugintests/jUnitTests/Request-Response-WD-Tests-310/tags
WARN: NO TEMPLATE FOUND FOR trunk/pom.xml.gt
WARN: Couldn&apos;t generate code for template trunk/pom.xml.gt, skipping it
WARN: NO TEMPLATE FOUND FOR trunk/__serviceProjectFilepath__/pom.xml.gt
WARN: Couldn&apos;t generate code for template trunk/__serviceProjectFilepath__/pom.xml.gt, skipping it
INFO: Created directory: /Users/magnuslarsson/Documents/temp/_plugintests/jUnitTests/Request-Response-WD-Tests-310/trunk/Request-Response-WD-Tests-310-services/src/main/java/org/soitoolkit/tool/generatortests/requestresponsewdtests310
WARN: NO TEMPLATE FOUND FOR trunk/__serviceProjectFilepath__/src/main/resources/__artifactId__-common.xml.gt
WARN: Couldn&apos;t generate code for template trunk/__serviceProjectFilepath__/src/main/resources/__artifactId__-common.xml.gt, skipping it
WARN: NO TEMPLATE FOUND FOR trunk/__serviceProjectFilepath__/src/main/resources/__artifactId__-config.xml.gt
WARN: Couldn&apos;t generate code for template trunk/__serviceProjectFilepath__/src/main/resources/__artifactId__-config.xml.gt, skipping it
INFO: Created directory: /Users/magnuslarsson/Documents/temp/_plugintests/jUnitTests/Request-Response-WD-Tests-310/trunk/Request-Response-WD-Tests-310-services/src/main/resources/services
WARN: NO TEMPLATE FOUND FOR trunk/__serviceProjectFilepath__/src/test/java/__javaPackageFilepath__/__capitalizedJavaArtifactId__MuleServer.java.gt
WARN: Couldn&apos;t generate code for template trunk/__serviceProjectFilepath__/src/test/java/__javaPackageFilepath__/__capitalizedJavaArtifactId__MuleServer.java.gt, skipping it
WARN: NO TEMPLATE FOUND FOR trunk/__serviceProjectFilepath__/src/test/resources/__artifactId__-teststubs-and-services-config.xml.gt
WARN: Couldn&apos;t generate code for template trunk/__serviceProjectFilepath__/src/test/resources/__artifactId__-teststubs-and-services-config.xml.gt, skipping it
WARN: NO TEMPLATE FOUND FOR trunk/__serviceProjectFilepath__/src/test/resources/__artifactId__-teststubs-only-config.xml.gt
WARN: Couldn&apos;t generate code for template trunk/__serviceProjectFilepath__/src/test/resources/__artifactId__-teststubs-only-config.xml.gt, skipping it
INFO: Created directory: /Users/magnuslarsson/Documents/temp/_plugintests/jUnitTests/Request-Response-WD-Tests-310/trunk/Request-Response-WD-Tests-310-services/src/test/resources/testfiles
INFO: Created directory: /Users/magnuslarsson/Documents/temp/_plugintests/jUnitTests/Request-Response-WD-Tests-310/trunk/Request-Response-WD-Tests-310-services/src/test/resources/teststub-services
WARN: NO TEMPLATE FOUND FOR trunk/__serviceProjectFilepath__/src/environment/log4j.dtd.gt
WARN: Couldn&apos;t generate code for template trunk/__serviceProjectFilepath__/src/environment/log4j.dtd.gt, skipping it
WARN: NO TEMPLATE FOUND FOR trunk/__serviceProjectFilepath__/src/environment/log4j.xml.gt
WARN: Couldn&apos;t generate code for template trunk/__serviceProjectFilepath__/src/environment/log4j.xml.gt, skipping it
WARN: NO TEMPLATE FOUND FOR trunk/__serviceProjectFilepath__/src/environment/__securityPropertyFile__.properties.gt
WARN: Couldn&apos;t generate code for template trunk/__serviceProjectFilepath__/src/environment/__securityPropertyFile__.properties.gt, skipping it
WARN: NO TEMPLATE FOUND FOR trunk/__serviceProjectFilepath__/src/environment/__configPropertyFile__.properties.gt
WARN: Couldn&apos;t generate code for template trunk/__serviceProjectFilepath__/src/environment/__configPropertyFile__.properties.gt, skipping it
WARN: NO TEMPLATE FOUND FOR trunk/__webProjectFilepath__/pom.xml.gt
WARN: Couldn&apos;t generate code for template trunk/__webProjectFilepath__/pom.xml.gt, skipping it
WARN: NO TEMPLATE FOUND FOR trunk/__webProjectFilepath__/src/main/webapp/META-INF/MANIFEST.MF.gt
WARN: Couldn&apos;t generate code for template trunk/__webProjectFilepath__/src/main/webapp/META-INF/MANIFEST.MF.gt, skipping it
WARN: NO TEMPLATE FOUND FOR trunk/__webProjectFilepath__/src/main/webapp/WEB-INF/web.xml.gt
WARN: Couldn&apos;t generate code for template trunk/__webProjectFilepath__/src/main/webapp/WEB-INF/web.xml.gt, skipping it
INFO: Created directory: /Users/magnuslarsson/Documents/temp/_plugintests/jUnitTests/Request-Response-WD-Tests-310/trunk/Request-Response-WD-Tests-310-web/src/main/webapp/WEB-INF/classes
INFO: Created directory: /Users/magnuslarsson/Documents/temp/_plugintests/jUnitTests/Request-Response-WD-Tests-310/trunk/Request-Response-WD-Tests-310-web/src/main/webapp/WEB-INF/lib
WARN: NO TEMPLATE FOUND FOR trunk/__webProjectFilepath__/src/main/webapp/index.jsp.gt
WARN: Couldn&apos;t generate code for template trunk/__webProjectFilepath__/src/main/webapp/index.jsp.gt, skipping it
WARN: NO TEMPLATE FOUND FOR trunk/__teststubWebProjectFilepath__/pom.xml.gt
WARN: Couldn&apos;t generate code for template trunk/__teststubWebProjectFilepath__/pom.xml.gt, skipping it
WARN: NO TEMPLATE FOUND FOR trunk/__teststubWebProjectFilepath__/src/main/webapp/META-INF/MANIFEST.MF.gt
WARN: Couldn&apos;t generate code for template trunk/__teststubWebProjectFilepath__/src/main/webapp/META-INF/MANIFEST.MF.gt, skipping it
WARN: NO TEMPLATE FOUND FOR trunk/__teststubWebProjectFilepath__/src/main/webapp/WEB-INF/web.xml.gt
WARN: Couldn&apos;t generate code for template trunk/__teststubWebProjectFilepath__/src/main/webapp/WEB-INF/web.xml.gt, skipping it
INFO: Created directory: /Users/magnuslarsson/Documents/temp/_plugintests/jUnitTests/Request-Response-WD-Tests-310/trunk/Request-Response-WD-Tests-310-teststub-web/src/main/webapp/WEB-INF/classes
INFO: Created directory: /Users/magnuslarsson/Documents/temp/_plugintests/jUnitTests/Request-Response-WD-Tests-310/trunk/Request-Response-WD-Tests-310-teststub-web/src/main/webapp/WEB-INF/lib
WARN: NO TEMPLATE FOUND FOR trunk/__teststubWebProjectFilepath__/src/main/webapp/index.jsp.gt
WARN: Couldn&apos;t generate code for template trunk/__teststubWebProjectFilepath__/src/main/webapp/index.jsp.gt, skipping it
</system-out>
    <system-err>### New model-class: org.soitoolkit.tools.generator.model.impl.DefaultModelImpl
### New model-class: org.soitoolkit.tools.generator.model.impl.DefaultModelImpl
### New model-class: org.soitoolkit.tools.generator.model.impl.DefaultModelImpl
### A BRAND NEW REQUEST-RESPONSE-SERVICE IS ON ITS WAY..., INB: SOAPHTTP, OUTB: SOAPHTTP, TRANSFORMER: JAVA
Appending to property file: /Users/magnuslarsson/Documents/temp/_plugintests/jUnitTests/requestResponseSA310/trunk/requestResponseSA310-services/src/environment/requestResponseSA310-config.properties
Appending to property file: /Users/magnuslarsson/Documents/temp/_plugintests/jUnitTests/requestResponseSA310/trunk/requestResponseSA310-services/src/environment/requestResponseSA310-security.properties
Overwrite file: /Users/magnuslarsson/Documents/temp/_plugintests/jUnitTests/requestResponseSA310/trunk/requestResponseSA310-services/pom.xml
Overwrite file: /Users/magnuslarsson/Documents/temp/_plugintests/jUnitTests/requestResponseSA310/trunk/requestResponseSA310-services/pom.xml
Overwrite file: /Users/magnuslarsson/Documents/temp/_plugintests/jUnitTests/requestResponseSA310/trunk/requestResponseSA310-services/pom.xml
Overwrite file: /Users/magnuslarsson/Documents/temp/_plugintests/jUnitTests/requestResponseSA310/trunk/requestResponseSA310-services/pom.xml
### New model-class: org.soitoolkit.tools.generator.model.impl.DefaultModelImpl
### New model-class: org.soitoolkit.tools.generator.model.impl.DefaultModelImpl
### A BRAND NEW REQUEST-RESPONSE-SERVICE IS ON ITS WAY..., INB: SOAPHTTP, OUTB: RESTHTTP, TRANSFORMER: JAVA
Appending to property file: /Users/magnuslarsson/Documents/temp/_plugintests/jUnitTests/requestResponseSA310/trunk/requestResponseSA310-services/src/environment/requestResponseSA310-config.properties
Appending to property file: /Users/magnuslarsson/Documents/temp/_plugintests/jUnitTests/requestResponseSA310/trunk/requestResponseSA310-services/src/environment/requestResponseSA310-security.properties
### Fragment already exists, bail out!!!
### Fragment already exists, bail out!!!
### Fragment already exists, bail out!!!
### Fragment already exists, bail out!!!
### New model-class: org.soitoolkit.tools.generator.model.impl.DefaultModelImpl
### New model-class: org.soitoolkit.tools.generator.model.impl.DefaultModelImpl
### A BRAND NEW REQUEST-RESPONSE-SERVICE IS ON ITS WAY..., INB: SOAPHTTP, OUTB: JMS, TRANSFORMER: JAVA
Appending to property file: /Users/magnuslarsson/Documents/temp/_plugintests/jUnitTests/requestResponseSA310/trunk/requestResponseSA310-services/src/environment/requestResponseSA310-config.properties
Appending to property file: /Users/magnuslarsson/Documents/temp/_plugintests/jUnitTests/requestResponseSA310/trunk/requestResponseSA310-services/src/environment/requestResponseSA310-security.properties
### Fragment already exists, bail out!!!
### Fragment already exists, bail out!!!
### Fragment already exists, bail out!!!
### Fragment already exists, bail out!!!
### ThreadedStreamReader terminates for type: 
### ThreadedStreamReader terminates for type: 
### ThreadedStreamReader terminates for type: 
### ThreadedStreamReader terminates for type: 
### ThreadedStreamReader terminates for type: 
### ThreadedStreamReader terminates for type: 
### New model-class: org.soitoolkit.tools.generator.model.impl.DefaultModelImpl
### New model-class: org.soitoolkit.tools.generator.model.impl.DefaultModelImpl
### New model-class: org.soitoolkit.tools.generator.model.impl.DefaultModelImpl
### A BRAND NEW REQUEST-RESPONSE-SERVICE IS ON ITS WAY..., INB: SOAPHTTP, OUTB: SOAPHTTP, TRANSFORMER: JAVA
Appending to property file: /Users/magnuslarsson/Documents/temp/_plugintests/jUnitTests/Request-Response-SA-Tests-310/trunk/Request-Response-SA-Tests-310-services/src/environment/Request-Response-SA-Tests-310-config.properties
Appending to property file: /Users/magnuslarsson/Documents/temp/_plugintests/jUnitTests/Request-Response-SA-Tests-310/trunk/Request-Response-SA-Tests-310-services/src/environment/Request-Response-SA-Tests-310-security.properties
Overwrite file: /Users/magnuslarsson/Documents/temp/_plugintests/jUnitTests/Request-Response-SA-Tests-310/trunk/Request-Response-SA-Tests-310-services/pom.xml
Overwrite file: /Users/magnuslarsson/Documents/temp/_plugintests/jUnitTests/Request-Response-SA-Tests-310/trunk/Request-Response-SA-Tests-310-services/pom.xml
Overwrite file: /Users/magnuslarsson/Documents/temp/_plugintests/jUnitTests/Request-Response-SA-Tests-310/trunk/Request-Response-SA-Tests-310-services/pom.xml
Overwrite file: /Users/magnuslarsson/Documents/temp/_plugintests/jUnitTests/Request-Response-SA-Tests-310/trunk/Request-Response-SA-Tests-310-services/pom.xml
### New model-class: org.soitoolkit.tools.generator.model.impl.DefaultModelImpl
### New model-class: org.soitoolkit.tools.generator.model.impl.DefaultModelImpl
### A BRAND NEW REQUEST-RESPONSE-SERVICE IS ON ITS WAY..., INB: SOAPHTTP, OUTB: RESTHTTP, TRANSFORMER: JAVA
Appending to property file: /Users/magnuslarsson/Documents/temp/_plugintests/jUnitTests/Request-Response-SA-Tests-310/trunk/Request-Response-SA-Tests-310-services/src/environment/Request-Response-SA-Tests-310-config.properties
Appending to property file: /Users/magnuslarsson/Documents/temp/_plugintests/jUnitTests/Request-Response-SA-Tests-310/trunk/Request-Response-SA-Tests-310-services/src/environment/Request-Response-SA-Tests-310-security.properties
### Fragment already exists, bail out!!!
### Fragment already exists, bail out!!!
### Fragment already exists, bail out!!!
### Fragment already exists, bail out!!!
### New model-class: org.soitoolkit.tools.generator.model.impl.DefaultModelImpl
### New model-class: org.soitoolkit.tools.generator.model.impl.DefaultModelImpl
### A BRAND NEW REQUEST-RESPONSE-SERVICE IS ON ITS WAY..., INB: SOAPHTTP, OUTB: JMS, TRANSFORMER: JAVA
Appending to property file: /Users/magnuslarsson/Documents/temp/_plugintests/jUnitTests/Request-Response-SA-Tests-310/trunk/Request-Response-SA-Tests-310-services/src/environment/Request-Response-SA-Tests-310-config.properties
Appending to property file: /Users/magnuslarsson/Documents/temp/_plugintests/jUnitTests/Request-Response-SA-Tests-310/trunk/Request-Response-SA-Tests-310-services/src/environment/Request-Response-SA-Tests-310-security.properties
### Fragment already exists, bail out!!!
### Fragment already exists, bail out!!!
### Fragment already exists, bail out!!!
### Fragment already exists, bail out!!!
### ThreadedStreamReader terminates for type: 
### ThreadedStreamReader terminates for type: 
### ThreadedStreamReader terminates for type: 
### ThreadedStreamReader terminates for type: 
### ThreadedStreamReader terminates for type: 
### ThreadedStreamReader terminates for type: 
### New model-class: org.soitoolkit.tools.generator.model.impl.DefaultModelImpl
### New model-class: org.soitoolkit.tools.generator.model.impl.DefaultModelImpl
### New model-class: org.soitoolkit.tools.generator.model.impl.DefaultModelImpl
### A BRAND NEW REQUEST-RESPONSE-SERVICE IS ON ITS WAY..., INB: SOAPHTTP, OUTB: SOAPHTTP, TRANSFORMER: JAVA
Appending to property file: /Users/magnuslarsson/Documents/temp/_plugintests/jUnitTests/requestResponseWD310/trunk/requestResponseWD310-services/src/environment/requestResponseWD310-config.properties
Appending to property file: /Users/magnuslarsson/Documents/temp/_plugintests/jUnitTests/requestResponseWD310/trunk/requestResponseWD310-services/src/environment/requestResponseWD310-security.properties
Overwrite file: /Users/magnuslarsson/Documents/temp/_plugintests/jUnitTests/requestResponseWD310/trunk/requestResponseWD310-services/pom.xml
Overwrite file: /Users/magnuslarsson/Documents/temp/_plugintests/jUnitTests/requestResponseWD310/trunk/requestResponseWD310-services/pom.xml
Overwrite file: /Users/magnuslarsson/Documents/temp/_plugintests/jUnitTests/requestResponseWD310/trunk/requestResponseWD310-services/pom.xml
Overwrite file: /Users/magnuslarsson/Documents/temp/_plugintests/jUnitTests/requestResponseWD310/trunk/requestResponseWD310-services/pom.xml
### New model-class: org.soitoolkit.tools.generator.model.impl.DefaultModelImpl
### New model-class: org.soitoolkit.tools.generator.model.impl.DefaultModelImpl
### A BRAND NEW REQUEST-RESPONSE-SERVICE IS ON ITS WAY..., INB: SOAPHTTP, OUTB: RESTHTTP, TRANSFORMER: JAVA
Appending to property file: /Users/magnuslarsson/Documents/temp/_plugintests/jUnitTests/requestResponseWD310/trunk/requestResponseWD310-services/src/environment/requestResponseWD310-config.properties
Appending to property file: /Users/magnuslarsson/Documents/temp/_plugintests/jUnitTests/requestResponseWD310/trunk/requestResponseWD310-services/src/environment/requestResponseWD310-security.properties
### Fragment already exists, bail out!!!
### Fragment already exists, bail out!!!
### Fragment already exists, bail out!!!
### Fragment already exists, bail out!!!
### New model-class: org.soitoolkit.tools.generator.model.impl.DefaultModelImpl
### New model-class: org.soitoolkit.tools.generator.model.impl.DefaultModelImpl
### A BRAND NEW REQUEST-RESPONSE-SERVICE IS ON ITS WAY..., INB: SOAPHTTP, OUTB: JMS, TRANSFORMER: JAVA
Appending to property file: /Users/magnuslarsson/Documents/temp/_plugintests/jUnitTests/requestResponseWD310/trunk/requestResponseWD310-services/src/environment/requestResponseWD310-config.properties
Appending to property file: /Users/magnuslarsson/Documents/temp/_plugintests/jUnitTests/requestResponseWD310/trunk/requestResponseWD310-services/src/environment/requestResponseWD310-security.properties
### Fragment already exists, bail out!!!
### Fragment already exists, bail out!!!
### Fragment already exists, bail out!!!
### Fragment already exists, bail out!!!
### New model-class: org.soitoolkit.tools.generator.model.impl.DefaultModelImpl
### New model-class: org.soitoolkit.tools.generator.model.impl.DefaultModelImpl
### A BRAND NEW REQUEST-RESPONSE-SERVICE IS ON ITS WAY..., INB: SOAPSERVLET, OUTB: SOAPHTTP, TRANSFORMER: JAVA
Appending to property file: /Users/magnuslarsson/Documents/temp/_plugintests/jUnitTests/requestResponseWD310/trunk/requestResponseWD310-services/src/environment/requestResponseWD310-config.properties
Appending to property file: /Users/magnuslarsson/Documents/temp/_plugintests/jUnitTests/requestResponseWD310/trunk/requestResponseWD310-services/src/environment/requestResponseWD310-security.properties
### Fragment already exists, bail out!!!
### Fragment already exists, bail out!!!
### Fragment already exists, bail out!!!
### Fragment already exists, bail out!!!
### New model-class: org.soitoolkit.tools.generator.model.impl.DefaultModelImpl
### New model-class: org.soitoolkit.tools.generator.model.impl.DefaultModelImpl
### A BRAND NEW REQUEST-RESPONSE-SERVICE IS ON ITS WAY..., INB: SOAPSERVLET, OUTB: RESTHTTP, TRANSFORMER: JAVA
Appending to property file: /Users/magnuslarsson/Documents/temp/_plugintests/jUnitTests/requestResponseWD310/trunk/requestResponseWD310-services/src/environment/requestResponseWD310-config.properties
Appending to property file: /Users/magnuslarsson/Documents/temp/_plugintests/jUnitTests/requestResponseWD310/trunk/requestResponseWD310-services/src/environment/requestResponseWD310-security.properties
### Fragment already exists, bail out!!!
### Fragment already exists, bail out!!!
### Fragment already exists, bail out!!!
### Fragment already exists, bail out!!!
### New model-class: org.soitoolkit.tools.generator.model.impl.DefaultModelImpl
### New model-class: org.soitoolkit.tools.generator.model.impl.DefaultModelImpl
### A BRAND NEW REQUEST-RESPONSE-SERVICE IS ON ITS WAY..., INB: SOAPSERVLET, OUTB: JMS, TRANSFORMER: JAVA
Appending to property file: /Users/magnuslarsson/Documents/temp/_plugintests/jUnitTests/requestResponseWD310/trunk/requestResponseWD310-services/src/environment/requestResponseWD310-config.properties
Appending to property file: /Users/magnuslarsson/Documents/temp/_plugintests/jUnitTests/requestResponseWD310/trunk/requestResponseWD310-services/src/environment/requestResponseWD310-security.properties
### Fragment already exists, bail out!!!
### Fragment already exists, bail out!!!
### Fragment already exists, bail out!!!
### Fragment already exists, bail out!!!
### ThreadedStreamReader terminates for type: 
### ThreadedStreamReader terminates for type: 
### ThreadedStreamReader terminates for type: 
### ThreadedStreamReader terminates for type: 
### ThreadedStreamReader terminates for type: 
### ThreadedStreamReader terminates for type: 
### New model-class: org.soitoolkit.tools.generator.model.impl.DefaultModelImpl
</system-err>
  </testcase>
</testsuite>